#
# There is insufficient memory for the Java Runtime Environment to continue.
# Native memory allocation (malloc) failed to allocate 32744 bytes for ChunkPool::allocate
# Possible reasons:
#   The system is out of physical RAM or swap space
#   The process is running with CompressedOops enabled, and the Java Heap may be blocking the growth of the native heap
# Possible solutions:
#   Reduce memory load on the system
#   Increase physical memory or swap space
#   Check if swap backing store is full
#   Decrease Java heap size (-Xmx/-Xms)
#   Decrease number of Java threads
#   Decrease Java thread stack sizes (-Xss)
#   Set larger code cache with -XX:ReservedCodeCacheSize=
#   JVM is running with Unscaled Compressed Oops mode in which the Java heap is
#     placed in the first 4GB address space. The Java Heap base address is the
#     maximum limit for the native heap growth. Please use -XX:HeapBaseMinAddress
#     to set the Java Heap base and to place the Java Heap above 4GB virtual address.
# This output file may be truncated or incomplete.
#
#  Out of Memory Error (allocation.cpp:272), pid=4872, tid=0x00000000000015e4
#
# JRE version: OpenJDK Runtime Environment (8.0_242-b01) (build 1.8.0_242-release-1644-b01)
# Java VM: OpenJDK 64-Bit Server VM (25.242-b01 mixed mode windows-amd64 compressed oops)
# Failed to write core dump. Minidumps are not enabled by default on client versions of Windows
#

---------------  T H R E A D  ---------------

Current thread (0x000000005505e000):  JavaThread "C2 CompilerThread0" daemon [_thread_in_native, id=5604, stack(0x00000000568b0000,0x00000000569b0000)]

Stack: [0x00000000568b0000,0x00000000569b0000]
[error occurred during error reporting (printing stack bounds), id 0xc0000005]

Native frames: (J=compiled Java code, j=interpreted, Vv=VM code, C=native code)


Current CompileTask:
C2:3804798 16477       4       org.gradle.api.internal.artifacts.ModuleComponentSelectorSerializer::read (50 bytes)


---------------  P R O C E S S  ---------------

Java Threads: ( => current thread )
  0x0000000057b62800 JavaThread "Cache worker for Build Output Cleanup Cache (F:\Smartbox\.gradle\buildOutputCleanup)" [_thread_blocked, id=5416, stack(0x0000000066f80000,0x0000000067080000)]
  0x0000000057b60000 JavaThread "Build operations Thread 8" [_thread_blocked, id=3928, stack(0x0000000066ac0000,0x0000000066bc0000)]
  0x0000000057b61000 JavaThread "Build operations Thread 7" [_thread_blocked, id=5016, stack(0x0000000062780000,0x0000000062880000)]
  0x0000000057b64000 JavaThread "Build operations Thread 6" [_thread_blocked, id=4944, stack(0x00000000660f0000,0x00000000661f0000)]
  0x0000000057b58000 JavaThread "Build operations Thread 5" [_thread_blocked, id=1208, stack(0x0000000061770000,0x0000000061870000)]
  0x00000000571a4800 JavaThread "Build operations Thread 4" [_thread_blocked, id=4188, stack(0x0000000062f30000,0x0000000063030000)]
  0x00000000571a6000 JavaThread "Build operations Thread 3" [_thread_blocked, id=736, stack(0x0000000061670000,0x0000000061770000)]
  0x00000000571a5000 JavaThread "Build operations Thread 2" [_thread_blocked, id=2636, stack(0x0000000061550000,0x0000000061650000)]
  0x00000000571a9000 JavaThread "Build operations" [_thread_blocked, id=5256, stack(0x0000000059fd0000,0x000000005a0d0000)]
  0x00000000571a7800 JavaThread "Cache worker for cache directory md-rule (C:\Users\TIMUR\.gradle\caches\6.1.1\md-rule)" [_thread_blocked, id=4680, stack(0x00000000613e0000,0x00000000614e0000)]
  0x0000000058daa000 JavaThread "Cache worker for cache directory md-supplier (C:\Users\TIMUR\.gradle\caches\6.1.1\md-supplier)" [_thread_blocked, id=464, stack(0x00000000611d0000,0x00000000612d0000)]
  0x0000000058da8800 JavaThread "Cache worker for file hash cache (F:\Smartbox\.gradle\6.1.1\fileHashes)" [_thread_blocked, id=3600, stack(0x0000000060fd0000,0x00000000610d0000)]
  0x0000000058da9800 JavaThread "Cache worker for checksums cache (F:\Smartbox\.gradle\checksums)" [_thread_blocked, id=4820, stack(0x000000005af60000,0x000000005b060000)]
  0x0000000058da8000 JavaThread "Thread-86" [_thread_blocked, id=380, stack(0x0000000060d70000,0x0000000060e70000)]
  0x0000000058da7000 JavaThread "Stdin handler" [_thread_blocked, id=352, stack(0x000000005a920000,0x000000005aa20000)]
  0x0000000058da6800 JavaThread "Asynchronous log dispatcher for DefaultDaemonConnection: socket connection from /127.0.0.1:49455 to /127.0.0.1:50194" [_thread_blocked, id=732, stack(0x0000000060bd0000,0x0000000060cd0000)]
  0x0000000058da5000 JavaThread "Cancel handler" [_thread_blocked, id=3644, stack(0x000000005e890000,0x000000005e990000)]
  0x0000000058da4000 JavaThread "Handler for socket connection from /127.0.0.1:49455 to /127.0.0.1:50194" [_thread_in_native, id=5424, stack(0x000000005a800000,0x000000005a900000)]
  0x0000000058da5800 JavaThread "Daemon worker Thread 2" [_thread_in_native, id=5400, stack(0x000000005a5d0000,0x000000005a6d0000)]
  0x0000000058d9e000 JavaThread "Daemon Thread 2" [_thread_blocked, id=4984, stack(0x0000000059e80000,0x0000000059f80000)]
  0x0000000058da2800 JavaThread "Memory manager" [_thread_blocked, id=5132, stack(0x0000000061b40000,0x0000000061c40000)]
  0x0000000058d9d800 JavaThread "pool-1-thread-1" [_thread_blocked, id=6072, stack(0x0000000062470000,0x0000000062570000)]
  0x0000000057b5a000 JavaThread "Cache worker for execution history cache (C:\Users\TIMUR\.gradle\caches\6.1.1\executionHistory)" [_thread_blocked, id=5184, stack(0x000000005d4d0000,0x000000005d5d0000)]
  0x0000000057b56800 JavaThread "Cache worker for file hash cache (C:\Users\TIMUR\.gradle\caches\6.1.1\fileHashes)" [_thread_blocked, id=988, stack(0x000000005ae30000,0x000000005af30000)]
  0x0000000057b55800 JavaThread "File lock request listener" [_thread_in_native, id=3112, stack(0x000000005ac30000,0x000000005ad30000)]
  0x0000000058d9a800 JavaThread "Cache worker for journal cache (C:\Users\TIMUR\.gradle\caches\journal-1)" [_thread_blocked, id=1852, stack(0x000000005a6e0000,0x000000005a7e0000)]
  0x0000000058bfa000 JavaThread "Daemon periodic checks" [_thread_blocked, id=6036, stack(0x0000000059cc0000,0x0000000059dc0000)]
  0x0000000058bf1000 JavaThread "Incoming local TCP Connector on port 49455" [_thread_in_native, id=6116, stack(0x00000000586d0000,0x00000000587d0000)]
  0x0000000058b52000 JavaThread "Daemon health stats" [_thread_blocked, id=3276, stack(0x00000000598c0000,0x00000000599c0000)]
  0x0000000055107800 JavaThread "Service Thread" daemon [_thread_blocked, id=4824, stack(0x0000000056cd0000,0x0000000056dd0000)]
  0x000000005507e000 JavaThread "C1 CompilerThread3" daemon [_thread_blocked, id=4416, stack(0x0000000056ad0000,0x0000000056bd0000)]
  0x000000005507d000 JavaThread "C2 CompilerThread2" daemon [_thread_in_native, id=5952, stack(0x00000000569d0000,0x0000000056ad0000)]
  0x0000000055078000 JavaThread "C2 CompilerThread1" daemon [_thread_in_native, id=4996, stack(0x0000000056630000,0x0000000056730000)]
=>0x000000005505e000 JavaThread "C2 CompilerThread0" daemon [_thread_in_native, id=5604, stack(0x00000000568b0000,0x00000000569b0000)]
  0x0000000055059000 JavaThread "Attach Listener" daemon [_thread_blocked, id=5292, stack(0x0000000056760000,0x0000000056860000)]
  0x0000000055057800 JavaThread "Signal Dispatcher" daemon [_thread_blocked, id=1648, stack(0x0000000056200000,0x0000000056300000)]
  0x00000000540ac800 JavaThread "Finalizer" daemon [_thread_blocked, id=1980, stack(0x0000000056500000,0x0000000056600000)]
  0x00000000540a5800 JavaThread "Reference Handler" daemon [_thread_blocked, id=4504, stack(0x0000000056330000,0x0000000056430000)]
  0x00000000004ce800 JavaThread "main" [_thread_blocked, id=3020, stack(0x00000000021c0000,0x00000000022c0000)]

Other Threads:
  0x0000000001faf800 VMThread [stack: 0x00000000560a0000,0x00000000561a0000] [id=3244]
  0x00000000550de000 WatcherThread [stack: 0x0000000056de0000,0x0000000056ee0000] [id=2456]

VM state:not at safepoint (normal execution)

VM Mutex/Monitor currently owned by a thread: None

heap address: 0x00000000e0000000, size: 512 MB, Compressed Oops mode: 32-bit
Narrow klass base: 0x0000000000000000, Narrow klass shift: 0
Compressed class space size: 1073741824 Address: 0x00000000136c0000

Heap:
 PSYoungGen      total 137728K, used 98993K [0x00000000f5580000, 0x00000000ffe00000, 0x0000000100000000)
  eden space 102912K, 79% used [0x00000000f5580000,0x00000000fa529488,0x00000000fba00000)
  from space 34816K, 50% used [0x00000000fba00000,0x00000000fcb03330,0x00000000fdc00000)
  to   space 33280K, 0% used [0x00000000fdd80000,0x00000000fdd80000,0x00000000ffe00000)
 ParOldGen       total 187392K, used 55846K [0x00000000e0000000, 0x00000000eb700000, 0x00000000f5580000)
  object space 187392K, 29% used [0x00000000e0000000,0x00000000e3689990,0x00000000eb700000)
 Metaspace       used 83011K, capacity 87896K, committed 88112K, reserved 1126400K
  class space    used 10608K, capacity 11489K, committed 11568K, reserved 1048576K

Card table byte_map: [0x0000000002080000,0x0000000002190000] byte_map_base: 0x0000000001980000

Marking Bits: (ParMarkBitMap*) 0x00000000724af030
 Begin Bits: [0x00000000126c0000, 0x0000000012ec0000)
 End Bits:   [0x0000000012ec0000, 0x00000000136c0000)

Polling page: 0x00000000001a0000

CodeCache: size=245760Kb used=48677Kb max_used=48701Kb free=197082Kb
 bounds [0x0000000002590000, 0x0000000005570000, 0x0000000011590000]
 total_blobs=14625 nmethods=13753 adapters=784
 compilation: enabled

Compilation events (10 events):
Event: 3803.560 Thread 0x000000005507e000 16527       3       sun.security.ssl.CipherSuiteList::contains (11 bytes)
Event: 3803.560 Thread 0x000000005507e000 nmethod 16527 0x0000000005551950 code [0x0000000005551ac0, 0x0000000005551ce8]
Event: 3803.663 Thread 0x000000005507e000 16529       1       sun.security.provider.certpath.PolicyNodeImpl::getValidPolicy (5 bytes)
Event: 3803.663 Thread 0x000000005507e000 nmethod 16529 0x0000000005551690 code [0x00000000055517e0, 0x00000000055518f0]
Event: 3803.663 Thread 0x000000005507e000 16530   !   3       java.security.Signature$Delegate::chooseFirstProvider (207 bytes)
Event: 3803.664 Thread 0x000000005507e000 nmethod 16530 0x00000000055501d0 code [0x0000000005550400, 0x0000000005551038]
Event: 3803.667 Thread 0x000000005507e000 16531       3       java.math.BigInteger::montgomeryMultiply (54 bytes)
Event: 3803.667 Thread 0x000000005507e000 nmethod 16531 0x000000000554f890 code [0x000000000554fa40, 0x000000000554ff28]
Event: 3803.667 Thread 0x000000005507e000 16532       3       java.math.BigInteger::implMontgomeryMultiply (22 bytes)
Event: 3803.667 Thread 0x000000005507e000 nmethod 16532 0x000000000554f490 code [0x000000000554f600, 0x000000000554f7d8]

GC Heap History (10 events):
Event: 3747.594 GC heap before
{Heap before GC invocations=28 (full 3):
 PSYoungGen      total 140288K, used 135605K [0x00000000f5580000, 0x0000000100000000, 0x0000000100000000)
  eden space 110080K, 100% used [0x00000000f5580000,0x00000000fc100000,0x00000000fc100000)
  from space 30208K, 84% used [0x00000000fe280000,0x00000000ffb6d678,0x0000000100000000)
  to   space 32256K, 0% used [0x00000000fc100000,0x00000000fc100000,0x00000000fe080000)
 ParOldGen       total 187392K, used 44136K [0x00000000e0000000, 0x00000000eb700000, 0x00000000f5580000)
  object space 187392K, 23% used [0x00000000e0000000,0x00000000e2b1a3f0,0x00000000eb700000)
 Metaspace       used 80611K, capacity 84406K, committed 84656K, reserved 1122304K
  class space    used 10379K, capacity 11106K, committed 11184K, reserved 1048576K
Event: 3747.612 GC heap after
Heap after GC invocations=28 (full 3):
 PSYoungGen      total 137728K, used 27259K [0x00000000f5580000, 0x0000000100000000, 0x0000000100000000)
  eden space 110080K, 0% used [0x00000000f5580000,0x00000000f5580000,0x00000000fc100000)
  from space 27648K, 98% used [0x00000000fc100000,0x00000000fdb9ecd0,0x00000000fdc00000)
  to   space 34816K, 0% used [0x00000000fde00000,0x00000000fde00000,0x0000000100000000)
 ParOldGen       total 187392K, used 44144K [0x00000000e0000000, 0x00000000eb700000, 0x00000000f5580000)
  object space 187392K, 23% used [0x00000000e0000000,0x00000000e2b1c3f0,0x00000000eb700000)
 Metaspace       used 80611K, capacity 84406K, committed 84656K, reserved 1122304K
  class space    used 10379K, capacity 11106K, committed 11184K, reserved 1048576K
}
Event: 3748.070 GC heap before
{Heap before GC invocations=29 (full 3):
 PSYoungGen      total 137728K, used 137339K [0x00000000f5580000, 0x0000000100000000, 0x0000000100000000)
  eden space 110080K, 100% used [0x00000000f5580000,0x00000000fc100000,0x00000000fc100000)
  from space 27648K, 98% used [0x00000000fc100000,0x00000000fdb9ecd0,0x00000000fdc00000)
  to   space 34816K, 0% used [0x00000000fde00000,0x00000000fde00000,0x0000000100000000)
 ParOldGen       total 187392K, used 44144K [0x00000000e0000000, 0x00000000eb700000, 0x00000000f5580000)
  object space 187392K, 23% used [0x00000000e0000000,0x00000000e2b1c3f0,0x00000000eb700000)
 Metaspace       used 80637K, capacity 84406K, committed 84656K, reserved 1122304K
  class space    used 10379K, capacity 11106K, committed 11184K, reserved 1048576K
Event: 3748.087 GC heap after
Heap after GC invocations=29 (full 3):
 PSYoungGen      total 137728K, used 26056K [0x00000000f5580000, 0x0000000100000000, 0x0000000100000000)
  eden space 102912K, 0% used [0x00000000f5580000,0x00000000f5580000,0x00000000fba00000)
  from space 34816K, 74% used [0x00000000fde00000,0x00000000ff7722a0,0x0000000100000000)
  to   space 35840K, 0% used [0x00000000fba00000,0x00000000fba00000,0x00000000fdd00000)
 ParOldGen       total 187392K, used 45486K [0x00000000e0000000, 0x00000000eb700000, 0x00000000f5580000)
  object space 187392K, 24% used [0x00000000e0000000,0x00000000e2c6bb68,0x00000000eb700000)
 Metaspace       used 80637K, capacity 84406K, committed 84656K, reserved 1122304K
  class space    used 10379K, capacity 11106K, committed 11184K, reserved 1048576K
}
Event: 3750.709 GC heap before
{Heap before GC invocations=30 (full 3):
 PSYoungGen      total 137728K, used 128968K [0x00000000f5580000, 0x0000000100000000, 0x0000000100000000)
  eden space 102912K, 100% used [0x00000000f5580000,0x00000000fba00000,0x00000000fba00000)
  from space 34816K, 74% used [0x00000000fde00000,0x00000000ff7722a0,0x0000000100000000)
  to   space 35840K, 0% used [0x00000000fba00000,0x00000000fba00000,0x00000000fdd00000)
 ParOldGen       total 187392K, used 45486K [0x00000000e0000000, 0x00000000eb700000, 0x00000000f5580000)
  object space 187392K, 24% used [0x00000000e0000000,0x00000000e2c6bb68,0x00000000eb700000)
 Metaspace       used 81305K, capacity 85278K, committed 85424K, reserved 1124352K
  class space    used 10440K, capacity 11181K, committed 11184K, reserved 1048576K
Event: 3750.726 GC heap after
Heap after GC invocations=30 (full 3):
 PSYoungGen      total 138752K, used 23462K [0x00000000f5580000, 0x0000000100000000, 0x0000000100000000)
  eden space 102912K, 0% used [0x00000000f5580000,0x00000000f5580000,0x00000000fba00000)
  from space 35840K, 65% used [0x00000000fba00000,0x00000000fd0e9a58,0x00000000fdd00000)
  to   space 35840K, 0% used [0x00000000fdd00000,0x00000000fdd00000,0x0000000100000000)
 ParOldGen       total 187392K, used 49994K [0x00000000e0000000, 0x00000000eb700000, 0x00000000f5580000)
  object space 187392K, 26% used [0x00000000e0000000,0x00000000e30d2bc8,0x00000000eb700000)
 Metaspace       used 81305K, capacity 85278K, committed 85424K, reserved 1124352K
  class space    used 10440K, capacity 11181K, committed 11184K, reserved 1048576K
}
Event: 3763.507 GC heap before
{Heap before GC invocations=31 (full 3):
 PSYoungGen      total 138752K, used 126374K [0x00000000f5580000, 0x0000000100000000, 0x0000000100000000)
  eden space 102912K, 100% used [0x00000000f5580000,0x00000000fba00000,0x00000000fba00000)
  from space 35840K, 65% used [0x00000000fba00000,0x00000000fd0e9a58,0x00000000fdd00000)
  to   space 35840K, 0% used [0x00000000fdd00000,0x00000000fdd00000,0x0000000100000000)
 ParOldGen       total 187392K, used 49994K [0x00000000e0000000, 0x00000000eb700000, 0x00000000f5580000)
  object space 187392K, 26% used [0x00000000e0000000,0x00000000e30d2bc8,0x00000000eb700000)
 Metaspace       used 82214K, capacity 86730K, committed 86960K, reserved 1124352K
  class space    used 10546K, capacity 11372K, committed 11440K, reserved 1048576K
Event: 3763.522 GC heap after
Heap after GC invocations=31 (full 3):
 PSYoungGen      total 136704K, used 16935K [0x00000000f5580000, 0x00000000ffe00000, 0x0000000100000000)
  eden space 102912K, 0% used [0x00000000f5580000,0x00000000f5580000,0x00000000fba00000)
  from space 33792K, 50% used [0x00000000fdd00000,0x00000000fed89f60,0x00000000ffe00000)
  to   space 34816K, 0% used [0x00000000fba00000,0x00000000fba00000,0x00000000fdc00000)
 ParOldGen       total 187392K, used 55838K [0x00000000e0000000, 0x00000000eb700000, 0x00000000f5580000)
  object space 187392K, 29% used [0x00000000e0000000,0x00000000e3687990,0x00000000eb700000)
 Metaspace       used 82214K, capacity 86730K, committed 86960K, reserved 1124352K
  class space    used 10546K, capacity 11372K, committed 11440K, reserved 1048576K
}
Event: 3788.815 GC heap before
{Heap before GC invocations=32 (full 3):
 PSYoungGen      total 136704K, used 119847K [0x00000000f5580000, 0x00000000ffe00000, 0x0000000100000000)
  eden space 102912K, 100% used [0x00000000f5580000,0x00000000fba00000,0x00000000fba00000)
  from space 33792K, 50% used [0x00000000fdd00000,0x00000000fed89f60,0x00000000ffe00000)
  to   space 34816K, 0% used [0x00000000fba00000,0x00000000fba00000,0x00000000fdc00000)
 ParOldGen       total 187392K, used 55838K [0x00000000e0000000, 0x00000000eb700000, 0x00000000f5580000)
  object space 187392K, 29% used [0x00000000e0000000,0x00000000e3687990,0x00000000eb700000)
 Metaspace       used 82796K, capacity 87636K, committed 87856K, reserved 1126400K
  class space    used 10595K, capacity 11474K, committed 11568K, reserved 1048576K
Event: 3788.832 GC heap after
Heap after GC invocations=32 (full 3):
 PSYoungGen      total 137728K, used 17420K [0x00000000f5580000, 0x00000000ffe00000, 0x0000000100000000)
  eden space 102912K, 0% used [0x00000000f5580000,0x00000000f5580000,0x00000000fba00000)
  from space 34816K, 50% used [0x00000000fba00000,0x00000000fcb03330,0x00000000fdc00000)
  to   space 33280K, 0% used [0x00000000fdd80000,0x00000000fdd80000,0x00000000ffe00000)
 ParOldGen       total 187392K, used 55846K [0x00000000e0000000, 0x00000000eb700000, 0x00000000f5580000)
  object space 187392K, 29% used [0x00000000e0000000,0x00000000e3689990,0x00000000eb700000)
 Metaspace       used 82796K, capacity 87636K, committed 87856K, reserved 1126400K
  class space    used 10595K, capacity 11474K, committed 11568K, reserved 1048576K
}

Deoptimization events (10 events):
Event: 3761.715 Thread 0x0000000058da5800 Uncommon trap: reason=unstable_if action=reinterpret pc=0x0000000004fb9c40 method=org.gradle.api.internal.artifacts.ivyservice.ivyresolve.ComponentMetaDataResolveState.resolve()Lorg/gradle/internal/resolve/result/BuildableModuleComponentMetaDataResolveRes
Event: 3763.370 Thread 0x00000000571a6800 Uncommon trap: reason=unstable_if action=reinterpret pc=0x0000000004add6fc method=java.util.concurrent.ConcurrentLinkedQueue.offer(Ljava/lang/Object;)Z @ 72
Event: 3763.499 Thread 0x0000000058da5800 Uncommon trap: reason=predicate action=maybe_recompile pc=0x000000000515c8d4 method=org.gradle.api.internal.artifacts.ivyservice.ivyresolve.strategy.StaticVersionComparator.compare(Lorg/gradle/api/internal/artifacts/ivyservice/ivyresolve/strategy/Version;
Event: 3763.750 Thread 0x0000000058da8000 Uncommon trap: reason=unstable_if action=reinterpret pc=0x0000000003567a78 method=org.gradle.internal.remote.internal.inet.SocketConnection$SocketOutputStream.writeWithNonBlockingRetry()I @ 41
Event: 3763.769 Thread 0x0000000058da4000 Uncommon trap: reason=unstable_if action=reinterpret pc=0x0000000002bf5f70 method=com.esotericsoftware.kryo.io.Input.require(I)I @ 180
Event: 3786.280 Thread 0x0000000058da5800 Uncommon trap: reason=array_check action=maybe_recompile pc=0x0000000003b326b8 method=com.google.common.collect.ImmutableSet.construct(I[Ljava/lang/Object;)Lcom/google/common/collect/ImmutableSet; @ 122
Event: 3786.280 Thread 0x0000000058da5800 Uncommon trap: reason=array_check action=maybe_recompile pc=0x0000000003b326b8 method=com.google.common.collect.ImmutableSet.construct(I[Ljava/lang/Object;)Lcom/google/common/collect/ImmutableSet; @ 122
Event: 3786.280 Thread 0x0000000058da5800 Uncommon trap: reason=array_check action=maybe_recompile pc=0x0000000003b326b8 method=com.google.common.collect.ImmutableSet.construct(I[Ljava/lang/Object;)Lcom/google/common/collect/ImmutableSet; @ 122
Event: 3786.280 Thread 0x0000000058da5800 Uncommon trap: reason=array_check action=maybe_recompile pc=0x0000000003b326b8 method=com.google.common.collect.ImmutableSet.construct(I[Ljava/lang/Object;)Lcom/google/common/collect/ImmutableSet; @ 122
Event: 3789.137 Thread 0x0000000058da5800 Uncommon trap: reason=unstable_if action=reinterpret pc=0x0000000004ac3ef0 method=java.text.DecimalFormat.subformat(Ljava/lang/StringBuffer;Ljava/text/Format$FieldDelegate;ZZIIII)Ljava/lang/StringBuffer; @ 814

Classes redefined (0 events):
No events

Internal exceptions (10 events):
Event: 3803.019 Thread 0x0000000058da5800 Exception <a 'sun/nio/fs/WindowsException'> (0x00000000f91a3bf8) thrown at [C:\src\AOSP-openjdk-git\hotspot\src\share\vm\prims\jni.cpp, line 710]
Event: 3803.019 Thread 0x0000000058da5800 Exception <a 'sun/nio/fs/WindowsException'> (0x00000000f91a6160) thrown at [C:\src\AOSP-openjdk-git\hotspot\src\share\vm\prims\jni.cpp, line 710]
Event: 3803.019 Thread 0x0000000058da5800 Exception <a 'sun/nio/fs/WindowsException'> (0x00000000f91a7c38) thrown at [C:\src\AOSP-openjdk-git\hotspot\src\share\vm\prims\jni.cpp, line 710]
Event: 3803.020 Thread 0x0000000058da5800 Exception <a 'sun/nio/fs/WindowsException'> (0x00000000f91a9710) thrown at [C:\src\AOSP-openjdk-git\hotspot\src\share\vm\prims\jni.cpp, line 710]
Event: 3803.020 Thread 0x0000000058da5800 Exception <a 'sun/nio/fs/WindowsException'> (0x00000000f91ab238) thrown at [C:\src\AOSP-openjdk-git\hotspot\src\share\vm\prims\jni.cpp, line 710]
Event: 3803.020 Thread 0x0000000058da5800 Exception <a 'sun/nio/fs/WindowsException'> (0x00000000f91acd10) thrown at [C:\src\AOSP-openjdk-git\hotspot\src\share\vm\prims\jni.cpp, line 710]
Event: 3803.021 Thread 0x0000000058da5800 Exception <a 'sun/nio/fs/WindowsException'> (0x00000000f91ae838) thrown at [C:\src\AOSP-openjdk-git\hotspot\src\share\vm\prims\jni.cpp, line 710]
Event: 3803.021 Thread 0x0000000058da5800 Exception <a 'sun/nio/fs/WindowsException'> (0x00000000f91b0310) thrown at [C:\src\AOSP-openjdk-git\hotspot\src\share\vm\prims\jni.cpp, line 710]
Event: 3803.022 Thread 0x0000000058da5800 Exception <a 'sun/nio/fs/WindowsException'> (0x00000000f91b1de8) thrown at [C:\src\AOSP-openjdk-git\hotspot\src\share\vm\prims\jni.cpp, line 710]
Event: 3803.022 Thread 0x0000000058da5800 Exception <a 'sun/nio/fs/WindowsException'> (0x00000000f91b38e8) thrown at [C:\src\AOSP-openjdk-git\hotspot\src\share\vm\prims\jni.cpp, line 710]

Events (10 events):
Event: 3802.666 Thread 0x00000000571a4800 Thread added: 0x00000000571a4800
Event: 3802.666 Thread 0x0000000057b58000 Thread added: 0x0000000057b58000
Event: 3802.666 Thread 0x0000000057b64000 Thread added: 0x0000000057b64000
Event: 3802.666 Thread 0x0000000057b61000 Thread added: 0x0000000057b61000
Event: 3802.666 Thread 0x0000000057b60000 Thread added: 0x0000000057b60000
Event: 3802.667 Executing VM operation: RevokeBias
Event: 3802.667 Executing VM operation: RevokeBias done
Event: 3802.742 Thread 0x0000000057b62800 Thread added: 0x0000000057b62800
Event: 3803.132 loading class org/gradle/cache/internal/btree/FileBackedBlockStore$1
Event: 3803.132 loading class org/gradle/cache/internal/btree/FileBackedBlockStore$1 done


Dynamic libraries:
0x000000013fed0000 - 0x000000013ff01000 	C:\Program Files\Android\Android Studio\jre\bin\java.exe
0x0000000076ff0000 - 0x0000000077199000 	C:\Windows\SYSTEM32\ntdll.dll
0x0000000076dd0000 - 0x0000000076eef000 	C:\Windows\system32\kernel32.dll
0x000007fefd0b0000 - 0x000007fefd11b000 	C:\Windows\system32\KERNELBASE.dll
0x000007fefdf00000 - 0x000007fefdfdb000 	C:\Windows\system32\ADVAPI32.dll
0x000007fefdb30000 - 0x000007fefdbcf000 	C:\Windows\system32\msvcrt.dll
0x000007fefdb10000 - 0x000007fefdb2f000 	C:\Windows\SYSTEM32\sechost.dll
0x000007fefdfe0000 - 0x000007fefe10d000 	C:\Windows\system32\RPCRT4.dll
0x0000000076ef0000 - 0x0000000076fea000 	C:\Windows\system32\USER32.dll
0x000007fefd3f0000 - 0x000007fefd457000 	C:\Windows\system32\GDI32.dll
0x000007fefdbd0000 - 0x000007fefdbde000 	C:\Windows\system32\LPK.dll
0x000007fefd790000 - 0x000007fefd859000 	C:\Windows\system32\USP10.dll
0x000007fefb9b0000 - 0x000007fefbba4000 	C:\Windows\WinSxS\amd64_microsoft.windows.common-controls_6595b64144ccf1df_6.0.7601.17514_none_fa396087175ac9ac\COMCTL32.dll
0x000007fefd860000 - 0x000007fefd8d1000 	C:\Windows\system32\SHLWAPI.dll
0x000007fefd8e0000 - 0x000007fefd90e000 	C:\Windows\system32\IMM32.DLL
0x000007fefdbe0000 - 0x000007fefdce9000 	C:\Windows\system32\MSCTF.dll
0x000007fefcf00000 - 0x000007fefcf3c000 	C:\Windows\system32\nvinitx.dll
0x0000000071ae0000 - 0x0000000071bb2000 	C:\Program Files\Android\Android Studio\jre\jre\bin\msvcr100.dll
0x0000000071ce0000 - 0x000000007252b000 	C:\Program Files\Android\Android Studio\jre\jre\bin\server\jvm.dll
0x000007fef3380000 - 0x000007fef3389000 	C:\Windows\system32\WSOCK32.dll
0x000007fefd740000 - 0x000007fefd78d000 	C:\Windows\system32\WS2_32.dll
0x000007fefe560000 - 0x000007fefe568000 	C:\Windows\system32\NSI.dll
0x000007fefb080000 - 0x000007fefb0bb000 	C:\Windows\system32\WINMM.dll
0x000007fefc040000 - 0x000007fefc04c000 	C:\Windows\system32\VERSION.dll
0x00000000771c0000 - 0x00000000771c7000 	C:\Windows\system32\PSAPI.DLL
0x000007fefb6b0000 - 0x000007fefb6bf000 	C:\Program Files\Android\Android Studio\jre\jre\bin\verify.dll
0x000007fefa270000 - 0x000007fefa299000 	C:\Program Files\Android\Android Studio\jre\jre\bin\java.dll
0x000007fefa250000 - 0x000007fefa266000 	C:\Program Files\Android\Android Studio\jre\jre\bin\zip.dll
0x000007fefe570000 - 0x000007feff2f8000 	C:\Windows\system32\SHELL32.dll
0x000007fefdcf0000 - 0x000007fefdef3000 	C:\Windows\system32\ole32.dll
0x000007fefcf40000 - 0x000007fefcf4f000 	C:\Windows\system32\profapi.dll
0x000007fefa120000 - 0x000007fefa13a000 	C:\Program Files\Android\Android Studio\jre\jre\bin\net.dll
0x000007fefc770000 - 0x000007fefc7c5000 	C:\Windows\system32\mswsock.dll
0x000007fefc760000 - 0x000007fefc767000 	C:\Windows\System32\wship6.dll
0x000007fefa100000 - 0x000007fefa113000 	C:\Program Files\Android\Android Studio\jre\jre\bin\nio.dll
0x000007fee51e0000 - 0x000007fee5206000 	C:\Users\TIMUR\.gradle\native\31\windows-amd64\native-platform.dll
0x000007fefb6a0000 - 0x000007fefb6ad000 	C:\Program Files\Android\Android Studio\jre\jre\bin\management.dll
0x000007fefc7d0000 - 0x000007fefc7e7000 	C:\Windows\system32\CRYPTSP.dll
0x000007fefc4d0000 - 0x000007fefc517000 	C:\Windows\system32\rsaenh.dll
0x000007fefc240000 - 0x000007fefc25e000 	C:\Windows\system32\USERENV.dll
0x000007fefce30000 - 0x000007fefce3f000 	C:\Windows\system32\CRYPTBASE.dll
0x000007fefaa20000 - 0x000007fefaa47000 	C:\Windows\system32\IPHLPAPI.DLL
0x000007fefaa10000 - 0x000007fefaa1b000 	C:\Windows\system32\WINNSI.DLL
0x000007fefa820000 - 0x000007fefa838000 	C:\Windows\system32\dhcpcsvc.DLL
0x000007fefa800000 - 0x000007fefa811000 	C:\Windows\system32\dhcpcsvc6.DLL
0x000007fee5360000 - 0x000007fee5384000 	C:\Program Files\Android\Android Studio\jre\jre\bin\sunec.dll
0x000007fefc110000 - 0x000007fefc117000 	C:\Windows\System32\wshtcpip.dll
0x000007fefc5f0000 - 0x000007fefc64b000 	C:\Windows\system32\DNSAPI.dll
0x000007fef6c40000 - 0x000007fef6c48000 	C:\Windows\system32\rasadhlp.dll
0x000007fefa8a0000 - 0x000007fefa8f3000 	C:\Windows\System32\fwpuclnt.dll
0x000007fefa1b0000 - 0x000007fefa1bb000 	C:\Program Files\Android\Android Studio\jre\jre\bin\sunmscapi.dll
0x000007fefd120000 - 0x000007fefd287000 	C:\Windows\system32\CRYPT32.dll
0x000007fefcfe0000 - 0x000007fefcfef000 	C:\Windows\system32\MSASN1.dll

VM Arguments:
jvm_args: -XX:MaxMetaspaceSize=256m -XX:+HeapDumpOnOutOfMemoryError -Xms256m -Xmx512m -Dfile.encoding=windows-1251 -Duser.country=RU -Duser.language=ru -Duser.variant 
java_command: org.gradle.launcher.daemon.bootstrap.GradleDaemon 6.1.1
java_class_path (initial): C:\Users\TIMUR\.gradle\wrapper\dists\gradle-6.1.1-all\cfmwm155h49vnt3hynmlrsdst\gradle-6.1.1\lib\gradle-launcher-6.1.1.jar
Launcher Type: SUN_STANDARD

Environment Variables:
PATH=C:\Program Files (x86)\Common Files\Oracle\Java\javapath;C:\Windows\system32;C:\Windows;C:\Windows\System32\Wbem;C:\Windows\System32\WindowsPowerShell\v1.0\;C:\Program Files\Git\cmd
USERNAME=TIMUR
OS=Windows_NT
PROCESSOR_IDENTIFIER=Intel64 Family 6 Model 42 Stepping 7, GenuineIntel



---------------  S Y S T E M  ---------------

OS: Windows 7 , 64 bit Build 7601 (6.1.7601.17514)

CPU:total 8 (initial active 8) (4 cores per cpu, 2 threads per core) family 6 model 42 stepping 7, cmov, cx8, fxsr, mmx, sse, sse2, sse3, ssse3, sse4.1, sse4.2, popcnt, avx, aes, clmul, ht, tsc, tscinvbit

Memory: 4k page, physical 10394400k(626732k free), swap 10392556k(5112k free)

vm_info: OpenJDK 64-Bit Server VM (25.242-b01) for windows-amd64 JRE (1.8.0_242-release-1644-b01), built by "builder" with MS VC++ 10.0 (VS2010)

time: Mon Oct 05 20:11:44 2020
timezone: Московское время (лето)
elapsed time: 3803 seconds (0d 1h 3m 23s)

