JvmtiExport can_access_local_variables 0
JvmtiExport can_hotswap_or_post_breakpoint 0
JvmtiExport can_post_on_exceptions 0
# 354 ciObject found
instanceKlass org/gradle/cache/internal/btree/FileBackedBlockStore$1
instanceKlass org/gradle/internal/resolve/RejectedVersion
instanceKlass com/google/common/base/Equivalence$1
instanceKlass org/gradle/api/internal/artifacts/repositories/metadata/DefaultMavenImmutableAttributesFactory$1
instanceKlass com/google/common/base/Splitter$2
instanceKlass com/android/build/gradle/internal/ide/DependencyFailureHandlerKt
instanceKlass com/google/common/collect/AbstractMapBasedMultimap$Itr
instanceKlass org/gradle/api/internal/artifacts/ivyservice/resolutionstrategy/DefaultCachePolicy$1
instanceKlass org/gradle/internal/Try$1
instanceKlass org/gradle/internal/execution/steps/SkipUpToDateStep$1
instanceKlass org/gradle/internal/execution/history/changes/DefaultExecutionStateChangeDetector$AbstractDetectedExecutionStateChanges
instanceKlass org/gradle/internal/execution/history/changes/CachingChangeContainer$CachingVisitor
instanceKlass org/gradle/internal/execution/history/changes/DefaultExecutionStateChangeDetector$InputFileChangesWrapper
instanceKlass org/gradle/internal/execution/history/changes/CachingChangeContainer
instanceKlass org/gradle/internal/execution/history/changes/InputFileChanges$1
instanceKlass org/gradle/internal/execution/history/changes/AbstractFingerprintChanges$1
instanceKlass org/gradle/internal/execution/history/changes/SortedMapDiffUtil
instanceKlass org/gradle/internal/execution/history/changes/PropertyChanges$1
instanceKlass org/gradle/internal/execution/history/changes/SummarizingChangeContainer$ChangeDetectingVisitor
instanceKlass org/gradle/internal/execution/history/changes/DefaultExecutionStateChangeDetector$MessageCollectingChangeVisitor
instanceKlass org/gradle/internal/execution/history/changes/ErrorHandlingChangeContainer
instanceKlass org/gradle/internal/execution/history/changes/SummarizingChangeContainer
instanceKlass org/gradle/internal/execution/history/changes/IgnoredPathCompareStrategy$1
instanceKlass org/gradle/internal/execution/history/changes/AbstractFingerprintCompareStrategy
instanceKlass org/gradle/internal/execution/history/changes/FingerprintCompareStrategy
instanceKlass org/gradle/internal/execution/history/changes/AbstractFingerprintChanges
instanceKlass org/gradle/internal/execution/history/changes/InputValueChanges
instanceKlass org/gradle/internal/execution/history/changes/PropertyDiffListener
instanceKlass org/gradle/internal/execution/history/changes/PropertyChanges
instanceKlass org/gradle/internal/execution/history/changes/ImplementationChanges
instanceKlass org/gradle/internal/execution/history/changes/DescriptiveChange
instanceKlass org/gradle/internal/execution/history/changes/Change
instanceKlass org/gradle/internal/execution/history/changes/PreviousSuccessChanges
instanceKlass org/gradle/internal/resolve/ModuleVersionResolveException$1
instanceKlass org/gradle/util/TextUtil$1
instanceKlass org/gradle/util/TextUtil
instanceKlass org/gradle/internal/logging/text/TreeFormatter$Node
instanceKlass org/gradle/internal/logging/text/TreeFormatter
instanceKlass org/gradle/api/internal/artifacts/ivyservice/DefaultUnresolvedDependency
instanceKlass org/gradle/api/artifacts/UnresolvedDependency
instanceKlass org/gradle/api/internal/artifacts/ivyservice/resolveengine/graph/DependencyGraphPathResolver
instanceKlass org/gradle/api/internal/artifacts/ivyservice/resolveengine/oldresult/ResolutionFailureCollector$BrokenDependency
instanceKlass org/gradle/api/internal/artifacts/ivyservice/resolveengine/graph/builder/VirtualPlatformState$$Lambda$653
instanceKlass org/gradle/api/internal/artifacts/ivyservice/resolveengine/graph/builder/VirtualPlatformState
instanceKlass org/gradle/internal/resolve/ModuleVersionNotFoundException$$Lambda$652
instanceKlass sun/security/ssl/SecureKey
instanceKlass com/android/build/gradle/internal/errors/SyncIssueKey
instanceKlass com/android/build/gradle/internal/errors/SyncIssueHandlerImplKt
instanceKlass com/android/build/gradle/internal/ide/SyncIssueImpl
instanceKlass com/android/build/gradle/internal/errors/SyncIssueHandlerImpl$WhenMappings
instanceKlass java/util/Comparator$$Lambda$651
instanceKlass org/gradle/workers/internal/WorkerDaemonClientsManager$$Lambda$650
instanceKlass org/gradle/workers/internal/WorkerDaemonExpiration$SimpleMemoryExpirationSelector
instanceKlass org/gradle/cache/internal/locklistener/DefaultFileLockContentionHandler$ContendedAction$1
instanceKlass org/gradle/cache/internal/locklistener/FileLockPacketPayload
instanceKlass org/gradle/internal/remote/internal/inet/SocketConnection$1
instanceKlass com/google/common/cache/LocalCache$WriteThroughEntry
instanceKlass com/google/common/cache/LocalCache$HashIterator
instanceKlass org/gradle/internal/work/DefaultWorkerLeaseService$1
instanceKlass org/gradle/tooling/internal/provider/SessionScopeBuildActionExecuter$1
instanceKlass org/gradle/cache/internal/VersionSpecificCacheCleanupAction$CleanupCondition
instanceKlass org/gradle/cache/internal/VersionSpecificCacheDirectory
instanceKlass org/apache/commons/io/filefilter/ConditionalFileFilter
instanceKlass org/apache/commons/io/filefilter/AbstractFileFilter
instanceKlass org/apache/commons/io/filefilter/FileFilterUtils
instanceKlass org/gradle/cache/internal/VersionSpecificCacheCleanupAction$MinimumTimestampProvider
instanceKlass org/gradle/cache/internal/VersionSpecificCacheCleanupAction
instanceKlass org/gradle/cache/internal/SingleDepthFilesFinder$1
instanceKlass org/gradle/cache/internal/NonReservedFileFilter
instanceKlass org/gradle/cache/internal/CleanupActionFactory$BuildOperationCacheCleanupDecorator$1
instanceKlass org/gradle/cache/internal/DefaultCleanupProgressMonitor
instanceKlass org/gradle/workers/internal/WorkerDaemonClientsManager$StopSessionScopedWorkers$$Lambda$649
instanceKlass org/gradle/workers/internal/WorkerDaemonClient
instanceKlass com/google/protobuf/SmallSortedMap$EntryIterator
instanceKlass org/gradle/execution/PassThruCancellableOperationManager
instanceKlass com/google/protobuf/GeneratedMessageV3$ExtendableMessage$ExtensionWriter
instanceKlass com/android/tools/analytics/JournalingUsageTracker$1
instanceKlass com/google/protobuf/ByteString$CodedBuilder
instanceKlass com/google/protobuf/Utf8$Processor
instanceKlass com/google/protobuf/Utf8
instanceKlass com/google/protobuf/WireFormat
instanceKlass com/google/protobuf/UnsafeUtil$1
instanceKlass com/google/protobuf/UnsafeUtil$MemoryAccessor
instanceKlass com/google/protobuf/UnsafeUtil
instanceKlass com/google/protobuf/ByteOutput
instanceKlass com/google/wireless/android/play/playlog/proto/ClientAnalytics$LogEventKeyValuesOrBuilder
instanceKlass com/google/protobuf/ByteString$ArraysByteArrayCopier
instanceKlass com/google/protobuf/ByteString$ByteIterator
instanceKlass com/google/protobuf/ByteString$ByteArrayCopier
instanceKlass com/google/protobuf/ByteString
instanceKlass com/google/protobuf/SmallSortedMap$EmptySet$2
instanceKlass com/google/protobuf/SmallSortedMap$EmptySet$1
instanceKlass com/google/protobuf/SmallSortedMap$EmptySet
instanceKlass com/google/protobuf/LazyFieldLite
instanceKlass com/google/protobuf/FieldSet
instanceKlass com/google/wireless/android/play/playlog/proto/ClientAnalytics$NetworkConnectionInfoOrBuilder
instanceKlass com/google/wireless/android/play/playlog/proto/ClientAnalytics$ActiveExperimentsOrBuilder
instanceKlass com/google/wireless/android/play/playlog/proto/ClientAnalytics$ExperimentIdsOrBuilder
instanceKlass com/google/wireless/android/play/playlog/proto/ClientAnalytics$AppUsage1pLogEventOrBuilder
instanceKlass com/google/wireless/android/play/playlog/proto/ClientAnalytics$LogEventOrBuilder
instanceKlass com/google/protobuf/GeneratedMessageV3$ExtendableMessageOrBuilder
instanceKlass com/google/wireless/android/sdk/stats/AndroidStudioEvent$EventKind$1
instanceKlass com/google/wireless/android/sdk/stats/AndroidStudioEvent$EventCategory$1
instanceKlass com/google/wireless/android/sdk/stats/LLDBFrontendDetailsOrBuilder
instanceKlass com/google/wireless/android/sdk/stats/EmulatorHostOrBuilder
instanceKlass com/google/wireless/android/sdk/stats/HypervisorOrBuilder
instanceKlass com/google/wireless/android/sdk/stats/EmulatorUiEventOrBuilder
instanceKlass com/google/wireless/android/sdk/stats/TestRunOrBuilder
instanceKlass com/google/wireless/android/sdk/stats/EmulatorDetailsOrBuilder
instanceKlass com/google/wireless/android/sdk/stats/MetaMetricsOrBuilder
instanceKlass com/google/wireless/android/sdk/stats/InstantRunOrBuilder
instanceKlass com/google/wireless/android/sdk/stats/GradleBuildDetailsOrBuilder
instanceKlass com/google/wireless/android/sdk/stats/StudioCrashOrBuilder
instanceKlass com/google/wireless/android/sdk/stats/DeviceInfoOrBuilder
instanceKlass com/google/wireless/android/sdk/stats/ProductDetailsOrBuilder
instanceKlass com/google/wireless/android/sdk/stats/OomDialogEventOrBuilder
instanceKlass com/google/wireless/android/sdk/stats/KotlinSupportOrBuilder
instanceKlass com/google/wireless/android/sdk/stats/LayoutInspectorEventOrBuilder
instanceKlass com/google/wireless/android/sdk/stats/ApkDebugProjectOrBuilder
instanceKlass com/google/wireless/android/sdk/stats/GradleSyncStatsOrBuilder
instanceKlass com/google/wireless/android/sdk/stats/ApkAnalyzerStatsOrBuilder
instanceKlass com/google/wireless/android/sdk/stats/AndroidProfilerEventOrBuilder
instanceKlass com/google/wireless/android/sdk/stats/AdbAssistantStatsOrBuilder
instanceKlass com/google/wireless/android/sdk/stats/LayoutEditorEventOrBuilder
instanceKlass com/google/wireless/android/sdk/stats/StudioProjectChangeOrBuilder
instanceKlass com/google/wireless/android/sdk/stats/LldbPerformanceStatsOrBuilder
instanceKlass com/google/wireless/android/sdk/stats/JvmDetailsOrBuilder
instanceKlass com/google/wireless/android/sdk/stats/MachineDetailsOrBuilder
instanceKlass com/google/wireless/android/sdk/stats/UIActionStatsOrBuilder
instanceKlass com/google/wireless/android/sdk/stats/TestRecorderDetailsOrBuilder
instanceKlass com/google/wireless/android/sdk/stats/GfxTracingDetailsOrBuilder
instanceKlass com/google/wireless/android/sdk/stats/FirebaseErrorDetailsOrBuilder
instanceKlass com/google/wireless/android/sdk/stats/ConnectionAssistantEventOrBuilder
instanceKlass com/google/wireless/android/sdk/stats/AndroidProfilerDbStatsOrBuilder
instanceKlass com/google/wireless/android/sdk/stats/LldbSessionEndDetailsOrBuilder
instanceKlass com/google/wireless/android/sdk/stats/LldbSessionStartDetailsOrBuilder
instanceKlass com/google/wireless/android/sdk/stats/EmulatorPerformanceStatsOrBuilder
instanceKlass com/google/wireless/android/sdk/stats/AppLinksAssistantEventOrBuilder
instanceKlass com/google/wireless/android/sdk/stats/FirebaseContextDetailsOrBuilder
instanceKlass com/google/wireless/android/sdk/stats/StudioPerformanceStatsOrBuilder
instanceKlass com/google/wireless/android/sdk/stats/AndroidStudioEventOrBuilder
instanceKlass com/google/common/cache/LocalCache$WriteThroughEntry
instanceKlass com/google/common/cache/LocalCache$HashIterator
instanceKlass org/gradle/cache/internal/DefaultMultiProcessSafePersistentIndexedCache$4
instanceKlass org/apache/tools/ant/ComponentHelper$$Lambda$648
instanceKlass org/apache/tools/ant/ComponentHelper$$Lambda$647
instanceKlass org/apache/tools/ant/IntrospectionHelper$NestedCreator
instanceKlass org/apache/tools/ant/IntrospectionHelper$AttributeSetter
instanceKlass org/apache/tools/ant/IntrospectionHelper
instanceKlass org/gradle/launcher/exec/BuildActionResult
instanceKlass org/gradle/api/internal/tasks/execution/statistics/TaskExecutionStatistics
instanceKlass org/gradle/internal/buildevents/TaskExecutionStatisticsReporter
instanceKlass org/gradle/internal/logging/text/AbstractStyledTextOutput$StyleOverrideTextOutput
instanceKlass com/android/dx/rop/type/Type
instanceKlass com/android/dx/rop/cst/Constant
instanceKlass com/android/dx/rop/code/RegisterSpec
instanceKlass com/android/dx/rop/type/TypeBearer
instanceKlass com/android/dx/util/ToHuman
instanceKlass com/android/dx/rop/type/Prototype
instanceKlass com/android/dx/cf/direct/ClassPathOpener$Consumer
instanceKlass com/android/dx/cf/direct/ClassPathOpener$FileNameFilter
instanceKlass com/android/dx/cf/direct/AttributeFactory
instanceKlass com/android/dx/command/dexer/Main
instanceKlass com/android/builder/internal/compiler/PreProcessCache$Key
instanceKlass com/android/builder/internal/compiler/PreProcessCache$BaseItem
instanceKlass com/android/builder/internal/compiler/PreProcessCache
instanceKlass com/android/build/gradle/internal/workeractions/WorkerActionServiceRegistry$Companion
instanceKlass com/android/build/gradle/internal/workeractions/WorkerActionServiceRegistry
instanceKlass com/android/build/gradle/BasePlugin$1$$Lambda$646
instanceKlass com/android/build/gradle/internal/BuildSessionImpl$$Lambda$645
instanceKlass com/android/build/gradle/internal/ide/AndroidArtifactOutputImpl
instanceKlass com/android/builder/model/AndroidArtifactOutput
instanceKlass com/android/build/gradle/internal/ide/EarlySyncBuildOutput
instanceKlass com/google/common/collect/ImmutableSet$SerializedForm
instanceKlass com/google/common/collect/ImmutableMap$SerializedForm
instanceKlass com/google/common/collect/ImmutableList$SerializedForm
instanceKlass org/gradle/kotlin/dsl/tooling/builders/StandardKotlinDslScriptModel
instanceKlass org/gradle/tooling/model/kotlin/dsl/KotlinDslScriptModel
instanceKlass org/gradle/tooling/internal/provider/serialization/WellKnownClassLoaderRegistry$1
instanceKlass org/gradle/tooling/internal/provider/serialization/DefaultPayloadClassLoaderRegistry$1
instanceKlass com/android/builder/model/ProjectSyncIssues
instanceKlass com/google/common/collect/ObjectArrays
instanceKlass com/google/common/collect/UnmodifiableIterator
instanceKlass com/android/ide/common/repository/GradleVersion$VersionSegment
instanceKlass com/google/common/base/AbstractIterator$1
instanceKlass com/google/common/collect/CollectPreconditions
instanceKlass com/google/common/collect/Lists
instanceKlass com/google/common/base/Splitter$5
instanceKlass com/google/common/base/AbstractIterator
instanceKlass com/google/common/base/Splitter$1
instanceKlass com/google/common/base/Preconditions
instanceKlass com/google/common/base/CharMatcher
instanceKlass com/google/common/base/Predicate
instanceKlass com/google/common/base/Splitter$Strategy
instanceKlass com/google/common/base/CommonPattern
instanceKlass com/google/common/base/Splitter
instanceKlass com/android/ide/common/repository/GradleVersion
instanceKlass com/android/tools/idea/gradle/project/sync/idea/SourcesAndJavadocCollectorKt
instanceKlass com/android/builder/model/level2/Library
instanceKlass com/android/build/gradle/internal/ide/level2/GlobalLibraryMapImpl
instanceKlass com/android/builder/model/level2/GlobalLibraryMap
instanceKlass com/android/tools/idea/gradle/project/sync/idea/svs/SelectedVariantChooserKt
instanceKlass com/android/tools/idea/gradle/project/sync/idea/svs/VariantGroup
instanceKlass com/android/tools/idea/gradle/project/sync/idea/svs/AndroidModule$Companion
instanceKlass com/android/tools/idea/gradle/project/sync/idea/svs/AndroidModule
instanceKlass com/android/build/gradle/internal/cxx/json/AndroidBuildGradleJsonStreamingVisitor
instanceKlass com/android/build/gradle/internal/ide/NativeAndroidProjectBuilder
instanceKlass com/android/builder/model/NativeAndroidProject
instanceKlass com/android/builder/model/BuildType
instanceKlass com/android/builder/model/BuildTypeContainer
instanceKlass com/android/builder/model/SourceProviderContainer
instanceKlass com/android/builder/model/NativeToolchain
instanceKlass com/android/builder/model/SyncIssue
instanceKlass com/android/builder/model/ArtifactMetaData
instanceKlass com/android/builder/model/TestedTargetVariant
instanceKlass com/android/builder/model/SigningConfig
instanceKlass com/android/builder/model/ApiVersion
instanceKlass com/android/builder/model/VectorDrawablesOptions
instanceKlass com/android/builder/model/JavaArtifact
instanceKlass com/android/builder/model/ClassField
instanceKlass com/android/build/FilterData
instanceKlass com/android/builder/model/AndroidArtifactOutput
instanceKlass com/android/build/OutputFile
instanceKlass com/android/build/VariantOutput
instanceKlass com/android/builder/model/NativeLibrary
instanceKlass com/android/builder/model/TestOptions
instanceKlass com/android/builder/model/InstantRun
instanceKlass com/android/builder/model/level2/GraphItem
instanceKlass com/android/builder/model/Dependencies$ProjectIdentifier
instanceKlass com/android/builder/model/JavaLibrary
instanceKlass com/android/builder/model/MavenCoordinates
instanceKlass com/android/builder/model/AndroidLibrary
instanceKlass com/android/builder/model/AndroidBundle
instanceKlass com/android/builder/model/Library
instanceKlass com/android/builder/model/SourceProvider
instanceKlass com/android/builder/model/level2/DependencyGraphs
instanceKlass com/android/builder/model/Dependencies
instanceKlass com/android/builder/model/AndroidArtifact
instanceKlass com/android/builder/model/BaseArtifact
instanceKlass com/android/builder/model/ProductFlavor
instanceKlass com/android/builder/model/DimensionAware
instanceKlass com/android/builder/model/BaseConfig
instanceKlass com/android/builder/model/Variant
instanceKlass com/android/builder/model/LintOptions
instanceKlass com/android/builder/model/AaptOptions
instanceKlass com/android/builder/model/ProductFlavorContainer
instanceKlass com/android/builder/model/AndroidGradlePluginProjectFlags
instanceKlass com/android/builder/model/DependenciesInfo
instanceKlass com/android/builder/model/ViewBindingOptions
instanceKlass com/android/builder/model/JavaCompileOptions
instanceKlass com/android/build/gradle/internal/ide/DefaultJavaCompileOptions
instanceKlass com/android/build/gradle/internal/ide/ModelBuilder$$Lambda$644
instanceKlass com/android/build/gradle/internal/ide/SigningConfigImpl
instanceKlass com/android/builder/model/JavaCompileOptions
instanceKlass com/android/build/gradle/internal/ide/DefaultAndroidProject
instanceKlass com/android/build/gradle/internal/ide/ModelBuilder$$Lambda$643
instanceKlass com/android/build/gradle/internal/ide/VariantImpl
instanceKlass com/android/builder/model/Variant
instanceKlass com/android/build/gradle/internal/ide/TestOptionsImpl
instanceKlass java/util/function/Predicate$$Lambda$642
instanceKlass com/android/build/gradle/internal/ide/ModelBuilder$$Lambda$641
instanceKlass org/gradle/api/internal/artifacts/ivyservice/ShortCircuitEmptyConfigurationResolver$EmptyResolvedConfiguration
instanceKlass org/gradle/api/internal/artifacts/ivyservice/ShortCircuitEmptyConfigurationResolver$EmptyResults
instanceKlass com/sun/org/apache/xerces/internal/util/EncodingMap
instanceKlass com/android/build/gradle/internal/dependency/SubtractingArtifactCollection$$Lambda$640
instanceKlass com/android/build/gradle/internal/ide/ModelBuilder$$Lambda$639
instanceKlass com/android/builder/model/JavaArtifact
instanceKlass org/gradle/api/internal/tasks/properties/AbstractPropertySpec
instanceKlass org/gradle/api/internal/tasks/properties/CacheableOutputFilePropertySpec
instanceKlass org/gradle/api/internal/tasks/properties/GetOutputFilesVisitor$$Lambda$638
instanceKlass org/gradle/api/internal/tasks/properties/OutputFilePropertySpec
instanceKlass org/gradle/api/internal/tasks/properties/FilePropertySpec
instanceKlass org/gradle/api/internal/tasks/properties/PropertySpec
instanceKlass org/gradle/api/internal/tasks/properties/PropertyVisitor$Adapter
instanceKlass com/android/build/gradle/internal/ide/BaseArtifactImpl
instanceKlass org/gradle/util/RelativePathUtil
instanceKlass com/android/builder/model/JavaLibrary
instanceKlass com/android/builder/dependency/HashCodeUtils
instanceKlass com/android/builder/dependency/MavenCoordinatesImpl
instanceKlass com/android/ide/common/caching/CreatingCache$1
instanceKlass com/android/ide/common/caching/CreatingCache$ValueState
instanceKlass com/android/build/gradle/internal/ide/LibraryImpl
instanceKlass com/android/builder/model/AndroidLibrary
instanceKlass com/android/builder/model/AndroidBundle
instanceKlass com/android/builder/model/Library
instanceKlass org/gradle/api/internal/artifacts/transform/CacheableInvocation$$Lambda$637
instanceKlass com/google/android/gms/dependencies/VersionEvaluators$ExactVersionEvaluator
instanceKlass com/google/android/gms/dependencies/VersionEvaluators$AlwaysCompatibleEvaluator
instanceKlass com/google/android/gms/dependencies/VersionEvaluator
instanceKlass com/google/android/gms/dependencies/VersionEvaluators
instanceKlass com/google/android/gms/dependencies/Artifact$Companion
instanceKlass com/google/android/gms/dependencies/Dependency$Companion
instanceKlass com/google/android/gms/dependencies/ArtifactVersion$Companion
instanceKlass org/gradle/api/internal/artifacts/result/DefaultResolutionResult$1
instanceKlass org/gradle/api/internal/artifacts/cache/DependencyResolutionControl
instanceKlass org/gradle/api/internal/artifacts/ivyservice/ivyresolve/CachingModuleComponentRepository$LocateInCacheRepositoryAccess$$Lambda$636
instanceKlass org/gradle/api/internal/artifacts/ivyservice/modulecache/dynamicversions/DefaultCachedModuleVersionList
instanceKlass org/gradle/api/internal/artifacts/transform/TransformingArtifactVisitor$$Lambda$635
instanceKlass org/gradle/api/internal/artifacts/transform/TransformingArtifactVisitor$$Lambda$634
instanceKlass org/gradle/api/internal/artifacts/transform/TransformingArtifactVisitor
instanceKlass com/android/build/gradle/internal/dependency/AarTransform$$Lambda$632
instanceKlass com/android/build/gradle/internal/dependency/AarTransform$$Lambda$633
instanceKlass com/android/build/gradle/internal/dependency/AarTransform$1
instanceKlass org/gradle/api/internal/artifacts/transform/CacheableInvocation$$Lambda$631
instanceKlass org/gradle/api/internal/artifacts/transform/CacheableInvocation$$Lambda$629
instanceKlass org/gradle/api/internal/artifacts/transform/CacheableInvocation$$Lambda$630
instanceKlass org/gradle/api/internal/artifacts/transform/DefaultTransformerInvocationFactory$2$$Lambda$628
instanceKlass org/gradle/api/internal/artifacts/transform/DefaultTransformerInvocationFactory$2$$Lambda$627
instanceKlass org/gradle/internal/Try$Success$1
instanceKlass org/gradle/api/internal/artifacts/transform/DefaultTransformerInvocationFactory$2$$Lambda$626
instanceKlass org/gradle/api/internal/artifacts/transform/DefaultTransformerInvocationFactory$2$$Lambda$625
instanceKlass org/gradle/internal/execution/steps/ResolveCachingStateStep$2
instanceKlass org/gradle/internal/execution/steps/SkipUpToDateStep$$Lambda$623
instanceKlass org/gradle/internal/execution/steps/SkipUpToDateStep$$Lambda$624
instanceKlass org/gradle/internal/execution/steps/SkipUpToDateStep$2
instanceKlass org/gradle/internal/execution/history/impl/FingerprintMapSerializer$1
instanceKlass org/gradle/internal/execution/history/impl/DefaultOutputFilesRepository$1
instanceKlass com/google/common/collect/Maps$9
instanceKlass org/gradle/internal/execution/history/impl/DefaultExecutionHistoryStore$$Lambda$621
instanceKlass org/gradle/internal/execution/history/impl/DefaultExecutionHistoryStore$$Lambda$622
instanceKlass org/gradle/internal/execution/history/impl/SerializableFileCollectionFingerprint
instanceKlass org/gradle/internal/execution/steps/StoreExecutionStateStep$$Lambda$620
instanceKlass org/gradle/internal/execution/steps/StoreExecutionStateStep$$Lambda$619
instanceKlass org/gradle/internal/execution/steps/StoreExecutionStateStep$$Lambda$617
instanceKlass org/gradle/internal/execution/steps/StoreExecutionStateStep$$Lambda$618
instanceKlass org/gradle/internal/execution/steps/SnapshotOutputsStep$1
instanceKlass org/gradle/caching/internal/origin/OriginMetadata
instanceKlass org/gradle/internal/execution/steps/SnapshotOutputsStep$Operation$Result$1
instanceKlass org/gradle/internal/execution/steps/SnapshotOutputsStep$Operation$Result
instanceKlass org/gradle/api/internal/artifacts/transform/DefaultTransformerInvocationFactory$TransformerExecution$$Lambda$616
instanceKlass org/gradle/api/internal/artifacts/transform/DefaultTransformerInvocationFactory$TransformerExecution$$Lambda$615
instanceKlass org/gradle/internal/vfs/impl/DefaultVirtualFileSystem$$Lambda$614
instanceKlass org/gradle/internal/vfs/impl/DefaultVirtualFileSystem$$Lambda$613
instanceKlass org/gradle/internal/snapshot/CompleteFileSystemLocationSnapshot$$Lambda$612
instanceKlass org/gradle/internal/snapshot/CompleteFileSystemLocationSnapshot$$Lambda$611
instanceKlass org/gradle/internal/snapshot/impl/DirectorySnapshotter$PathVisitor$$Lambda$609
instanceKlass org/gradle/internal/snapshot/impl/DirectorySnapshotter$PathVisitor$$Lambda$610
instanceKlass java/nio/file/Files$3
instanceKlass java/nio/file/FileTreeWalker$Event
instanceKlass java/nio/file/FileTreeWalker$DirectoryNode
instanceKlass sun/nio/fs/WindowsFileKey
instanceKlass java/nio/file/attribute/BasicWithKeyFileAttributeView
instanceKlass java/nio/file/FileTreeWalker$1
instanceKlass java/nio/file/FileTreeWalker
instanceKlass org/gradle/internal/snapshot/MerkleDirectorySnapshotBuilder
instanceKlass org/gradle/internal/snapshot/impl/DirectorySnapshotter$PathVisitor
instanceKlass org/gradle/internal/execution/steps/SnapshotOutputsStep$$Lambda$608
instanceKlass org/gradle/internal/execution/steps/SnapshotOutputsStep$$Lambda$607
instanceKlass org/gradle/internal/execution/steps/SnapshotOutputsStep$$Lambda$606
instanceKlass org/gradle/internal/execution/steps/SnapshotOutputsStep$$Lambda$605
instanceKlass org/gradle/internal/execution/steps/SnapshotOutputsStep$$Lambda$604
instanceKlass org/gradle/internal/execution/steps/SnapshotOutputsStep$$Lambda$603
instanceKlass org/gradle/internal/execution/steps/SnapshotOutputsStep$Operation$Details$1
instanceKlass org/gradle/internal/execution/steps/SnapshotOutputsStep$Operation$Details
instanceKlass org/gradle/internal/execution/steps/SnapshotOutputsStep$$Lambda$601
instanceKlass org/gradle/internal/execution/steps/SnapshotOutputsStep$$Lambda$602
instanceKlass org/gradle/internal/execution/steps/ExecuteStep$$Lambda$600
instanceKlass org/gradle/internal/execution/steps/ExecuteStep$$Lambda$599
instanceKlass org/gradle/internal/execution/steps/ExecuteStep$1
instanceKlass org/gradle/api/internal/artifacts/transform/DefaultTransformerInvocationFactory$TransformerExecution$$Lambda$598
instanceKlass org/gradle/api/internal/artifacts/transform/DefaultTransformerInvocationFactory$TransformerExecution$$Lambda$597
instanceKlass org/gradle/api/internal/artifacts/transform/DefaultTransformerInvocationFactory$TransformerExecution$$Lambda$596
instanceKlass org/gradle/api/internal/artifacts/transform/DefaultTransformerInvocationFactory$TransformerExecution$$Lambda$595
instanceKlass org/gradle/api/internal/artifacts/transform/DefaultTransformerInvocationFactory$TransformerExecution$$Lambda$593
instanceKlass org/gradle/api/internal/artifacts/transform/DefaultTransformerInvocationFactory$TransformerExecution$$Lambda$594
instanceKlass org/gradle/api/internal/artifacts/transform/TransformOutputsInternal
instanceKlass org/gradle/api/artifacts/transform/TransformOutputs
instanceKlass com/google/common/io/ByteArrayDataOutput
instanceKlass com/google/common/io/ByteArrayDataInput
instanceKlass com/google/common/io/ByteStreams
instanceKlass org/gradle/internal/execution/steps/ExecuteStep$$Lambda$592
instanceKlass org/gradle/internal/execution/steps/ExecuteStep$$Lambda$591
instanceKlass org/gradle/internal/execution/steps/ExecuteStep$$Lambda$590
instanceKlass org/gradle/internal/execution/steps/ExecuteStep$$Lambda$589
instanceKlass org/gradle/internal/execution/steps/CleanupOutputsStep$1
instanceKlass org/gradle/internal/execution/steps/CleanupOutputsStep$$Lambda$588
instanceKlass org/gradle/internal/execution/steps/CleanupOutputsStep$$Lambda$587
instanceKlass org/gradle/internal/execution/steps/CleanupOutputsStep$$Lambda$586
instanceKlass org/gradle/internal/execution/steps/CleanupOutputsStep$$Lambda$585
instanceKlass org/gradle/internal/execution/steps/ResolveInputChangesStep$1$$Lambda$584
instanceKlass org/gradle/internal/execution/steps/ResolveInputChangesStep$1$$Lambda$583
instanceKlass org/gradle/internal/execution/steps/ResolveInputChangesStep$1
instanceKlass org/gradle/internal/execution/InputChangesContext
instanceKlass org/gradle/internal/execution/steps/CancelExecutionStep$$Lambda$582
instanceKlass org/gradle/internal/execution/steps/CreateOutputsStep$1
instanceKlass org/gradle/internal/execution/steps/CreateOutputsStep$$Lambda$580
instanceKlass org/gradle/internal/execution/steps/CreateOutputsStep$$Lambda$581
instanceKlass org/gradle/internal/execution/UnitOfWork$OutputPropertyVisitor
instanceKlass org/gradle/internal/vfs/impl/DefaultSnapshotHierarchy$$Lambda$579
instanceKlass org/gradle/internal/snapshot/AbstractIncompleteSnapshotWithChildren$1$$Lambda$578
instanceKlass java/lang/invoke/LambdaForm$DMH
instanceKlass org/gradle/internal/snapshot/AbstractIncompleteSnapshotWithChildren$1$$Lambda$577
instanceKlass java/lang/invoke/LambdaForm$MH
instanceKlass java/lang/invoke/LambdaForm$DMH
instanceKlass org/gradle/internal/snapshot/AbstractIncompleteSnapshotWithChildren$1$$Lambda$576
instanceKlass org/gradle/internal/snapshot/AbstractIncompleteSnapshotWithChildren$1
instanceKlass org/gradle/internal/snapshot/SnapshotUtil$2
instanceKlass org/gradle/internal/vfs/impl/DefaultVirtualFileSystem$$Lambda$575
instanceKlass org/gradle/internal/vfs/RoutingVirtualFileSystem$$Lambda$574
instanceKlass org/gradle/internal/service/scopes/VirtualFileSystemServices$2$2$$Lambda$573
instanceKlass org/gradle/internal/execution/steps/BroadcastChangingOutputsStep$$Lambda$572
instanceKlass org/gradle/internal/execution/steps/SkipUpToDateStep$$Lambda$571
instanceKlass org/gradle/internal/execution/steps/ResolveChangesStep$1
instanceKlass org/gradle/internal/execution/IncrementalChangesContext
instanceKlass org/gradle/internal/execution/history/changes/IncrementalInputProperties$2
instanceKlass org/gradle/internal/execution/history/changes/IncrementalInputProperties$1
instanceKlass org/gradle/internal/execution/steps/ResolveChangesStep$2
instanceKlass org/gradle/internal/execution/history/changes/InputChangesInternal
instanceKlass org/gradle/internal/execution/history/changes/RebuildExecutionStateChanges
instanceKlass org/gradle/internal/execution/steps/ResolveChangesStep$$Lambda$570
instanceKlass org/gradle/internal/execution/steps/ResolveChangesStep$$Lambda$569
instanceKlass org/gradle/internal/execution/steps/ResolveChangesStep$$Lambda$568
instanceKlass org/gradle/internal/execution/steps/ResolveChangesStep$$Lambda$567
instanceKlass org/gradle/internal/execution/steps/ResolveChangesStep$$Lambda$566
instanceKlass org/gradle/internal/execution/steps/ResolveCachingStateStep$1
instanceKlass org/gradle/internal/execution/CachingContext
instanceKlass org/gradle/internal/execution/steps/CaptureStateBeforeExecutionStep$1
instanceKlass org/gradle/internal/execution/steps/CaptureStateBeforeExecutionStep$Operation$Result$1
instanceKlass org/gradle/internal/execution/steps/CaptureStateBeforeExecutionStep$Operation$Result
instanceKlass org/gradle/internal/execution/history/impl/AbstractExecutionState
instanceKlass com/google/common/collect/Maps$13
instanceKlass org/gradle/internal/execution/steps/CaptureStateBeforeExecutionStep$$Lambda$565
instanceKlass org/gradle/internal/execution/steps/CaptureStateBeforeExecutionStep$$Lambda$564
instanceKlass java/lang/invoke/LambdaForm$DMH
instanceKlass java/lang/invoke/LambdaForm$DMH
instanceKlass org/gradle/api/internal/artifacts/transform/DefaultTransformerInvocationFactory$TransformerExecution$$Lambda$563
instanceKlass org/gradle/api/internal/artifacts/transform/DefaultTransformerInvocationFactory$TransformerExecution$$Lambda$562
instanceKlass org/gradle/internal/fingerprint/impl/AbsolutePathFingerprintingStrategy$1
instanceKlass org/gradle/api/internal/artifacts/transform/DefaultTransformerInvocationFactory$TransformerExecution$$Lambda$561
instanceKlass org/gradle/api/internal/artifacts/transform/DefaultTransformerInvocationFactory$TransformerExecution$$Lambda$560
instanceKlass org/gradle/internal/execution/steps/CaptureStateBeforeExecutionStep$$Lambda$559
instanceKlass org/gradle/internal/execution/steps/CaptureStateBeforeExecutionStep$$Lambda$558
instanceKlass org/gradle/internal/execution/UnitOfWork$InputFilePropertyVisitor
instanceKlass java/lang/invoke/LambdaForm$DMH
instanceKlass java/lang/invoke/LambdaForm$DMH
instanceKlass org/gradle/internal/execution/steps/CaptureStateBeforeExecutionStep$$Lambda$557
instanceKlass org/gradle/internal/execution/steps/CaptureStateBeforeExecutionStep$$Lambda$556
instanceKlass org/gradle/internal/execution/UnitOfWork$InputPropertyVisitor
instanceKlass org/gradle/internal/execution/steps/CaptureStateBeforeExecutionStep$2
instanceKlass org/gradle/internal/execution/steps/CaptureStateBeforeExecutionStep$$Lambda$555
instanceKlass org/gradle/internal/execution/steps/CaptureStateBeforeExecutionStep$$Lambda$554
instanceKlass org/gradle/internal/execution/steps/CaptureStateBeforeExecutionStep$$Lambda$553
instanceKlass org/gradle/internal/execution/steps/CaptureStateBeforeExecutionStep$$Lambda$552
instanceKlass org/gradle/internal/snapshot/impl/ImplementationSnapshot
instanceKlass org/gradle/internal/execution/steps/CaptureStateBeforeExecutionStep$ImplementationsBuilder
instanceKlass org/gradle/internal/execution/steps/BuildOperationStep$1
instanceKlass org/gradle/internal/execution/steps/CaptureStateBeforeExecutionStep$Operation$Details$1
instanceKlass org/gradle/internal/execution/steps/CaptureStateBeforeExecutionStep$Operation$Details
instanceKlass org/gradle/internal/execution/steps/CaptureStateBeforeExecutionStep$$Lambda$551
instanceKlass org/gradle/internal/execution/steps/CaptureStateBeforeExecutionStep$$Lambda$550
instanceKlass org/gradle/internal/execution/steps/ValidateStep$$Lambda$549
instanceKlass org/gradle/internal/execution/steps/ValidateStep$DefaultWorkValidationContext
instanceKlass org/gradle/internal/execution/steps/SkipEmptyWorkStep$$Lambda$548
instanceKlass org/gradle/internal/execution/steps/SkipEmptyWorkStep$$Lambda$547
instanceKlass org/gradle/internal/execution/steps/SkipEmptyWorkStep$$Lambda$546
instanceKlass org/gradle/internal/execution/steps/SkipEmptyWorkStep$$Lambda$545
instanceKlass org/gradle/internal/execution/steps/SkipEmptyWorkStep$$Lambda$544
instanceKlass org/gradle/internal/execution/steps/LoadExecutionStateStep$1
instanceKlass org/gradle/internal/execution/steps/LoadExecutionStateStep$$Lambda$543
instanceKlass org/gradle/internal/execution/steps/LoadExecutionStateStep$$Lambda$542
instanceKlass org/gradle/api/internal/artifacts/transform/DefaultTransformerInvocationFactory$2$1
instanceKlass org/gradle/api/internal/artifacts/transform/DefaultTransformerInvocationFactory$TransformerExecution
instanceKlass org/gradle/internal/execution/UnitOfWork
instanceKlass com/google/common/collect/ImmutableSortedMap$1
instanceKlass org/gradle/internal/snapshot/CompositeFileSystemSnapshot
instanceKlass org/gradle/internal/vfs/impl/DefaultVirtualFileSystem$$Lambda$541
instanceKlass org/gradle/internal/vfs/impl/DefaultVirtualFileSystem$$Lambda$540
instanceKlass java/lang/invoke/LambdaForm$MH
instanceKlass org/gradle/api/internal/artifacts/transform/DefaultTransformerInvocationFactory$2$$Lambda$539
instanceKlass org/gradle/api/internal/artifacts/transform/DefaultTransformerInvocationFactory$2$$Lambda$538
instanceKlass org/gradle/api/internal/artifacts/transform/DefaultTransformerInvocationFactory$2
instanceKlass org/gradle/api/internal/artifacts/transform/DefaultTransformationWorkspace
instanceKlass org/gradle/api/internal/artifacts/transform/ImmutableTransformationWorkspaceProvider$$Lambda$537
instanceKlass org/gradle/api/internal/artifacts/transform/AbstractCachingTransformationWorkspaceProvider$$Lambda$536
instanceKlass java/lang/invoke/LambdaForm$MH
instanceKlass org/gradle/api/internal/artifacts/transform/DefaultTransformerInvocationFactory$$Lambda$535
instanceKlass org/gradle/api/internal/artifacts/transform/TransformationWorkspaceProvider$TransformationWorkspaceAction
instanceKlass java/lang/invoke/LambdaForm$DMH
instanceKlass org/gradle/api/internal/artifacts/transform/CacheableInvocation$$Lambda$529
instanceKlass org/gradle/api/internal/artifacts/transform/TransformationOperation
instanceKlass org/gradle/api/internal/artifacts/transform/TransformingAsyncArtifactListener$$Lambda$534
instanceKlass org/gradle/api/internal/artifacts/transform/TransformingAsyncArtifactListener$$Lambda$533
instanceKlass org/gradle/api/internal/artifacts/transform/TransformingAsyncArtifactListener$$Lambda$532
instanceKlass org/gradle/api/internal/artifacts/transform/TransformingAsyncArtifactListener$$Lambda$531
instanceKlass org/gradle/api/internal/artifacts/transform/TransformingAsyncArtifactListener$$Lambda$530
instanceKlass org/gradle/api/internal/artifacts/transform/PrecomputedTransformationResult
instanceKlass org/gradle/api/internal/artifacts/transform/CacheableInvocation$3
instanceKlass org/gradle/api/internal/artifacts/transform/CacheableInvocation$$Lambda$528
instanceKlass org/gradle/api/internal/artifacts/transform/CacheableInvocation$$Lambda$527
instanceKlass org/gradle/api/internal/artifacts/transform/CacheableInvocation$$Lambda$526
instanceKlass org/gradle/api/internal/artifacts/transform/CacheableInvocation$$Lambda$525
instanceKlass org/gradle/api/internal/artifacts/transform/CacheableInvocation$$Lambda$524
instanceKlass org/gradle/api/internal/artifacts/transform/CacheableInvocation$$Lambda$522
instanceKlass org/gradle/api/internal/artifacts/transform/CacheableInvocation$$Lambda$523
instanceKlass org/gradle/api/internal/artifacts/transform/CacheableInvocation$1$$Lambda$521
instanceKlass org/gradle/api/internal/artifacts/transform/CacheableInvocation$1$$Lambda$520
instanceKlass org/gradle/api/internal/artifacts/transform/TransformationChain$$Lambda$519
instanceKlass org/gradle/api/internal/artifacts/transform/TransformationChain$$Lambda$518
instanceKlass org/gradle/api/internal/artifacts/transform/TransformationChain$$Lambda$517
instanceKlass org/gradle/api/internal/tasks/NodeExecutionContext
instanceKlass org/gradle/api/internal/artifacts/transform/TransformationStep$$Lambda$515
instanceKlass org/gradle/api/internal/artifacts/transform/TransformationStep$$Lambda$516
instanceKlass org/gradle/api/internal/artifacts/transform/TransformationStep$$Lambda$513
instanceKlass org/gradle/api/internal/artifacts/transform/CacheableInvocation$1
instanceKlass org/gradle/api/internal/artifacts/transform/TransformationStep$$Lambda$514
instanceKlass org/gradle/api/internal/artifacts/transform/TransformationStep$$Lambda$512
instanceKlass org/gradle/api/internal/artifacts/transform/TransformationStep$$Lambda$511
instanceKlass org/gradle/api/internal/artifacts/transform/DefaultTransformerInvocationFactory$1
instanceKlass org/gradle/api/internal/artifacts/transform/DefaultTransformerInvocationFactory$ImmutableTransformationWorkspaceIdentity
instanceKlass org/gradle/api/internal/artifacts/transform/TransformationStep$$Lambda$509
instanceKlass org/gradle/api/internal/artifacts/transform/TransformationStep$$Lambda$510
instanceKlass org/gradle/api/internal/artifacts/transform/TransformationStep$$Lambda$508
instanceKlass org/gradle/api/internal/artifacts/transform/TransformationStep$$Lambda$507
instanceKlass org/gradle/internal/Try
instanceKlass org/gradle/api/internal/artifacts/transform/TransformationSubject
instanceKlass org/gradle/api/internal/artifacts/transform/DefaultTransformationNodeRegistry$ArtifactTransformKey
instanceKlass org/gradle/api/internal/artifacts/transform/DefaultTransformationNodeRegistry$1
instanceKlass org/gradle/api/internal/artifacts/transform/TransformCompletion
instanceKlass org/gradle/api/internal/artifacts/transform/DefaultExecutionGraphDependenciesResolver$1
instanceKlass org/gradle/api/internal/artifacts/transform/ArtifactTransformDependencies
instanceKlass org/gradle/api/internal/artifacts/transform/DefaultExecutionGraphDependenciesResolver
instanceKlass org/gradle/api/internal/artifacts/transform/TransformationResult
instanceKlass org/gradle/api/internal/artifacts/transform/TransformingAsyncArtifactListener
instanceKlass org/gradle/api/internal/file/pattern/AnythingMatcher
instanceKlass org/gradle/api/internal/file/pattern/FixedPatternStep
instanceKlass org/gradle/api/internal/file/pattern/HasPrefixPatternStep
instanceKlass org/gradle/api/internal/file/pattern/HasPrefixAndSuffixPatternStep
instanceKlass org/gradle/api/internal/file/pattern/GreedyPathMatcher
instanceKlass org/gradle/api/tasks/util/internal/CachingPatternSpecFactory$CachingSpec
instanceKlass org/gradle/api/internal/file/RelativePathSpec
instanceKlass org/gradle/api/internal/file/pattern/HasSuffixPatternStep
instanceKlass org/gradle/api/internal/file/pattern/FixedStepPathMatcher
instanceKlass org/gradle/api/internal/file/pattern/EndOfPathMatcher
instanceKlass org/gradle/api/internal/file/pattern/PatternMatcher
instanceKlass org/gradle/api/internal/file/pattern/PathMatcher
instanceKlass org/gradle/api/internal/file/pattern/PatternMatcherFactory
instanceKlass org/gradle/api/tasks/util/internal/CachingPatternSpecFactory$1
instanceKlass org/gradle/api/tasks/util/internal/CachingPatternSpecFactory$SpecKey
instanceKlass org/gradle/api/internal/file/collections/ReproducibleDirectoryWalker
instanceKlass org/gradle/api/internal/file/collections/DefaultDirectoryWalker
instanceKlass org/gradle/api/internal/file/collections/DirectoryWalker
instanceKlass org/gradle/api/internal/artifacts/transform/ConsumerProvidedResolvedVariant
instanceKlass org/gradle/api/internal/artifacts/transform/ConsumerProvidedVariantFiles
instanceKlass org/gradle/api/internal/artifacts/transform/TransformationChain
instanceKlass org/gradle/api/internal/artifacts/transform/ConsumerVariantMatchResult$ConsumerVariant
instanceKlass org/gradle/api/internal/artifacts/transform/ConsumerProvidedVariantFinder$$Lambda$506
instanceKlass org/gradle/api/internal/artifacts/transform/ConsumerVariantMatchResult
instanceKlass org/gradle/api/internal/artifacts/transform/ConsumerProvidedVariantFinder$AttributeSpecificCache
instanceKlass org/gradle/api/internal/artifacts/ivyservice/resolveengine/graph/builder/EdgeState$$Lambda$505
instanceKlass org/gradle/api/internal/artifacts/ivyservice/resolveengine/graph/builder/SelectorState$UnmatchedVersionsReason
instanceKlass org/gradle/api/internal/artifacts/ivyservice/resolveengine/excludes/factories/CachingExcludeFactory$$Lambda$504
instanceKlass org/gradle/api/internal/artifacts/ivyservice/resolveengine/excludes/factories/CachingExcludeFactory$ExcludesKey
instanceKlass org/gradle/api/internal/artifacts/ivyservice/ivyresolve/parser/PomReader$PomProfileElement
instanceKlass org/gradle/api/internal/artifacts/ivyservice/ivyresolve/parser/data/PomProfile
instanceKlass org/gradle/api/internal/artifacts/ivyservice/resolveengine/excludes/simple/DefaultModuleExclude
instanceKlass org/apache/http/message/BasicHeaderElement
instanceKlass org/gradle/api/internal/artifacts/ivyservice/ivyresolve/DefaultMetadataProvider$1
instanceKlass org/gradle/api/internal/artifacts/ivyservice/ivyresolve/DefaultMetadataProvider
instanceKlass org/gradle/api/internal/artifacts/ivyservice/ivyresolve/DynamicVersionResolver$CandidateResult
instanceKlass org/gradle/api/internal/artifacts/ivyservice/ivyresolve/ModuleComponentResolveState
instanceKlass org/apache/ivy/util/XMLHelper
instanceKlass org/gradle/internal/ErroringAction
instanceKlass org/gradle/api/internal/artifacts/ivyservice/ivyresolve/DynamicVersionResolver$1
instanceKlass org/gradle/api/internal/artifacts/ivyservice/modulecache/dynamicversions/ModuleVersionsCacheEntry
instanceKlass org/gradle/api/internal/artifacts/repositories/maven/MavenMetadata
instanceKlass org/gradle/api/internal/artifacts/repositories/maven/MavenVersionLister
instanceKlass org/gradle/api/internal/artifacts/repositories/resolver/ExternalResourceResolver$1
instanceKlass org/gradle/api/internal/artifacts/repositories/resolver/ResourceVersionLister
instanceKlass org/gradle/api/internal/artifacts/ivyservice/modulecache/dynamicversions/ModuleAtRepositoryKey
instanceKlass org/gradle/api/internal/artifacts/ivyservice/ivyresolve/ErrorHandlingModuleComponentRepository$ErrorHandlingModuleComponentRepositoryAccess$$Lambda$503
instanceKlass org/gradle/api/internal/artifacts/ivyservice/ivyresolve/ErrorHandlingModuleComponentRepository$ErrorHandlingModuleComponentRepositoryAccess$$Lambda$502
instanceKlass org/gradle/api/internal/artifacts/ivyservice/ivyresolve/ErrorHandlingModuleComponentRepository$ErrorHandlingModuleComponentRepositoryAccess$$Lambda$501
instanceKlass org/gradle/internal/resolve/result/BuildableModuleVersionListingResolveResult
instanceKlass org/gradle/api/internal/artifacts/ivyservice/ivyresolve/DynamicVersionResolver$VersionListResult
instanceKlass org/gradle/api/internal/artifacts/ivyservice/ivyresolve/DynamicVersionResolver$AttemptCollector
instanceKlass org/gradle/api/internal/artifacts/ivyservice/ivyresolve/DynamicVersionResolver$RepositoryResolveState
instanceKlass org/gradle/internal/resolve/result/ComponentSelectionContext
instanceKlass org/gradle/internal/component/model/DefaultMultipleCandidateResult
instanceKlass org/gradle/internal/component/model/AttributeSelectionUtils
instanceKlass org/gradle/api/internal/attributes/DefaultAttributesSchema$ExtraAttributesEntry
instanceKlass org/gradle/internal/component/external/model/GradleDependencyMetadata
instanceKlass org/gradle/api/internal/artifacts/ivyservice/modulecache/ModuleSourcesSerializer$$Lambda$500
instanceKlass org/gradle/internal/component/external/model/ivy/IvyModuleResolveMetadata
instanceKlass org/gradle/api/internal/artifacts/ivyservice/modulecache/ModuleMetadataSerializer$Writer
instanceKlass org/gradle/internal/resource/local/DefaultPathKeyFileStore$1
instanceKlass org/gradle/api/internal/artifacts/ivyservice/modulecache/ModuleMetadataStore$1
instanceKlass org/gradle/api/internal/artifacts/ivyservice/modulecache/PersistentModuleMetadataCache$2
instanceKlass org/gradle/api/internal/artifacts/repositories/resolver/ExternalResourceResolverDescriptorParseContext$$Lambda$499
instanceKlass org/gradle/api/internal/artifacts/repositories/resolver/ExternalResourceResolverDescriptorParseContext$$Lambda$494
instanceKlass org/gradle/api/internal/artifacts/repositories/resolver/ExternalResourceResolverDescriptorParseContext$$Lambda$498
instanceKlass org/gradle/api/internal/artifacts/repositories/resolver/ExternalResourceResolverDescriptorParseContext$$Lambda$495
instanceKlass org/gradle/api/internal/artifacts/repositories/resolver/ExternalResourceResolverDescriptorParseContext$$Lambda$497
instanceKlass org/gradle/api/internal/artifacts/repositories/resolver/ExternalResourceResolverDescriptorParseContext$$Lambda$496
instanceKlass org/gradle/api/internal/artifacts/repositories/resolver/ExternalResourceResolverDescriptorParseContext$$Lambda$493
instanceKlass org/gradle/api/internal/artifacts/ivyservice/ivyresolve/parser/DefaultParseResult
instanceKlass org/gradle/api/internal/artifacts/ivyservice/ivyresolve/parser/MetaDataParser$ParseResult
instanceKlass org/w3c/dom/Comment
instanceKlass org/gradle/api/internal/artifacts/ivyservice/ivyresolve/parser/data/MavenDependencyKey
instanceKlass org/gradle/api/internal/artifacts/ivyservice/ivyresolve/parser/PomReader$PomDependencyMgtElement
instanceKlass org/gradle/api/internal/artifacts/ivyservice/ivyresolve/parser/MavenVersionUtils
instanceKlass org/apache/ivy/core/settings/IvyVariableContainerImpl
instanceKlass com/sun/org/apache/xerces/internal/dom/CharacterDataImpl$1
instanceKlass org/w3c/dom/Text
instanceKlass org/w3c/dom/CharacterData
instanceKlass org/gradle/api/internal/artifacts/ivyservice/ivyresolve/parser/PomDomParser
instanceKlass org/w3c/dom/Entity
instanceKlass com/sun/org/apache/xerces/internal/dom/NamedNodeMapImpl
instanceKlass com/sun/xml/internal/stream/StaxXMLInputSource
instanceKlass com/sun/org/apache/xerces/internal/impl/XMLDocumentScannerImpl$DTDDriver
instanceKlass com/sun/org/apache/xerces/internal/impl/dtd/XMLContentSpec
instanceKlass com/sun/org/apache/xerces/internal/impl/dtd/models/ContentModelValidator
instanceKlass com/sun/org/apache/xerces/internal/impl/dtd/DTDGrammar
instanceKlass com/sun/org/apache/xerces/internal/dom/DeferredDocumentImpl$RefCount
instanceKlass com/sun/org/apache/xerces/internal/dom/NodeListCache
instanceKlass org/w3c/dom/DocumentType
instanceKlass com/sun/org/apache/xerces/internal/dom/NodeImpl
instanceKlass org/w3c/dom/events/EventTarget
instanceKlass org/w3c/dom/ranges/DocumentRange
instanceKlass org/w3c/dom/events/DocumentEvent
instanceKlass org/w3c/dom/traversal/DocumentTraversal
instanceKlass com/sun/org/apache/xerces/internal/dom/DeferredNode
instanceKlass javax/xml/parsers/DocumentBuilder
instanceKlass org/gradle/api/internal/artifacts/ivyservice/ivyresolve/parser/PomReader$2
instanceKlass org/gradle/api/internal/artifacts/ivyservice/ivyresolve/parser/RootPomParent
instanceKlass org/gradle/api/internal/artifacts/ivyservice/ivyresolve/parser/PomReader$1
instanceKlass javax/xml/parsers/DocumentBuilderFactory
instanceKlass org/apache/ivy/plugins/parser/m2/PomReader
instanceKlass org/gradle/api/internal/artifacts/ivyservice/ivyresolve/parser/PomReader
instanceKlass org/gradle/api/internal/artifacts/repositories/resolver/ExternalResourceResolverDescriptorParseContext
instanceKlass org/gradle/api/internal/artifacts/ivyservice/ivyresolve/CachingModuleComponentRepository$1
instanceKlass org/gradle/api/internal/artifacts/ivyservice/resolveengine/graph/builder/DownloadMetadataOperation
instanceKlass org/gradle/api/internal/artifacts/ivyservice/resolveengine/graph/builder/DependencyGraphBuilder$2
instanceKlass org/gradle/internal/component/local/model/PublishArtifactLocalArtifactMetadata
instanceKlass org/gradle/api/internal/artifacts/ivyservice/moduleconverter/DefaultRootComponentMetadataBuilder$1
instanceKlass org/gradle/api/internal/artifacts/ivyservice/ivyresolve/LocalModuleComponentRepository$RemoteAccess
instanceKlass org/gradle/api/internal/artifacts/ivyservice/ivyresolve/LocalModuleComponentRepository$LocalAccess
instanceKlass org/gradle/internal/resource/transport/file/FileTransport$FileCacheAwareExternalResourceAccessor
instanceKlass com/android/build/gradle/internal/ide/ModelBuilder$$Lambda$492
instanceKlass com/android/builder/model/SyncIssue
instanceKlass com/android/build/gradle/internal/ide/DependencyFailureHandler
instanceKlass com/android/build/gradle/internal/incremental/BuildInfoWriterTask$ConfigAction
instanceKlass com/android/build/gradle/internal/ide/InstantRunImpl
instanceKlass com/android/build/gradle/internal/ide/BuildOutputsSupplier
instanceKlass com/android/build/gradle/internal/ide/ModelBuilder$1
instanceKlass com/android/build/gradle/internal/ide/ModelBuilder$SourceProviders
instanceKlass com/android/build/gradle/internal/ide/BuildTypeContainerImpl
instanceKlass com/android/builder/model/BuildTypeContainer
instanceKlass com/android/build/gradle/internal/ide/ApiVersionImpl
instanceKlass com/android/build/gradle/internal/ide/BaseConfigImpl
instanceKlass com/android/build/gradle/internal/ide/SourceProviderImpl
instanceKlass com/android/build/gradle/internal/ide/SourceProviderContainerImpl$$Lambda$491
instanceKlass com/android/build/gradle/internal/ide/SourceProviderContainerImpl
instanceKlass com/android/builder/model/SourceProviderContainer
instanceKlass com/android/build/gradle/internal/ide/ProductFlavorContainerImpl
instanceKlass com/android/builder/model/ProductFlavorContainer
instanceKlass com/android/build/gradle/internal/ide/AaptOptionsImpl
instanceKlass com/android/builder/model/AaptOptions
instanceKlass com/android/build/gradle/internal/ide/ArtifactMetaDataImpl
instanceKlass com/android/builder/model/ArtifactMetaData
instanceKlass org/gradle/tooling/internal/consumer/connection/ToolingParameterProxy
instanceKlass com/android/tools/idea/gradle/project/sync/idea/svs/AndroidExtraModelProvider$findParameterizedAndroidModel$model$1
instanceKlass com/android/builder/model/ModelBuilderParameter
instanceKlass com/android/builder/model/AndroidProject
instanceKlass com/amazon/ion/impl/bin/IonRawBinaryWriter$PatchList$1
instanceKlass com/intellij/openapi/util/Comparing
instanceKlass org/jetbrains/plugins/gradle/tooling/serialization/internal/IdeaProjectSerializationService$WriteContext$FilePathComparator
instanceKlass org/jetbrains/plugins/gradle/tooling/serialization/internal/IdeaProjectSerializationService$3
instanceKlass org/jetbrains/plugins/gradle/tooling/serialization/internal/IdeaProjectSerializationService$TestResourceDirectoriesGetter
instanceKlass org/jetbrains/plugins/gradle/tooling/serialization/internal/IdeaProjectSerializationService$ResourceDirectoriesGetter
instanceKlass org/jetbrains/plugins/gradle/tooling/serialization/internal/IdeaProjectSerializationService$7
instanceKlass org/jetbrains/plugins/gradle/tooling/serialization/internal/IdeaProjectSerializationService$11
instanceKlass org/jetbrains/plugins/gradle/tooling/serialization/internal/IdeaProjectSerializationService$10
instanceKlass org/jetbrains/plugins/gradle/tooling/serialization/internal/IdeaProjectSerializationService$8
instanceKlass org/jetbrains/plugins/gradle/tooling/serialization/internal/IdeaProjectSerializationService$2
instanceKlass com/amazon/ion/impl/bin/IonRawBinaryWriter$PatchList$Node
instanceKlass com/amazon/ion/impl/bin/IonRawBinaryWriter$PatchPoint
instanceKlass org/jetbrains/plugins/gradle/tooling/serialization/internal/IdeaProjectSerializationService$JdkGetter
instanceKlass org/gradle/internal/impldep/com/google/api/client/repackaged/com/google/common/base/ExtraObjectsMethodsForWeb
instanceKlass org/jetbrains/plugins/gradle/tooling/serialization/internal/IdeaProjectSerializationService$JavaHomePathGetter
instanceKlass org/jetbrains/plugins/gradle/tooling/serialization/internal/IdeaProjectSerializationService$TargetBytecodeVersionGetter
instanceKlass org/gradle/util/CollectionUtils
instanceKlass org/gradle/util/GUtil$4
instanceKlass org/gradle/internal/io/TextStream
instanceKlass org/gradle/api/specs/Spec
instanceKlass org/gradle/api/Transformer
instanceKlass org/gradle/util/GUtil
instanceKlass org/gradle/internal/typeconversion/NotationConverterToNotationParserAdapter$ResultImpl
instanceKlass org/gradle/internal/typeconversion/EnumFromCharSequenceNotationParser
instanceKlass org/gradle/internal/typeconversion/NotationConvertResult
instanceKlass org/gradle/internal/typeconversion/NotationConverterToNotationParserAdapter
instanceKlass org/jetbrains/plugins/gradle/tooling/serialization/internal/IdeaProjectSerializationService$6
instanceKlass org/jetbrains/plugins/gradle/tooling/serialization/ToolingStreamApiUtils
instanceKlass com/amazon/ion/impl/bin/IonRawBinaryWriter$ContainerInfo
instanceKlass org/jetbrains/plugins/gradle/tooling/serialization/internal/IdeaProjectSerializationService$1
instanceKlass com/amazon/ion/impl/bin/IonManagedBinaryWriter$ImportDescriptor
instanceKlass com/amazon/ion/impl/bin/IonRawBinaryWriter$1
instanceKlass com/amazon/ion/impl/bin/IonRawBinaryWriter$RecyclingStack
instanceKlass com/amazon/ion/impl/bin/IonRawBinaryWriter$PatchList
instanceKlass com/amazon/ion/impl/bin/WriteBuffer
instanceKlass com/amazon/ion/impl/bin/Block
instanceKlass com/amazon/ion/impl/lite/ContainerlessContext
instanceKlass com/amazon/ion/impl/lite/IonLoaderLite
instanceKlass com/amazon/ion/impl/LocalSymbolTable
instanceKlass com/amazon/ion/impl/LocalSymbolTableAsStruct$Factory
instanceKlass com/amazon/ion/IonDatagram
instanceKlass com/amazon/ion/IonLoader
instanceKlass com/amazon/ion/IonStruct
instanceKlass com/amazon/ion/IonSexp
instanceKlass com/amazon/ion/impl/lite/IonContext
instanceKlass com/amazon/ion/impl/_Private_IonContainer
instanceKlass com/amazon/ion/impl/_Private_IonSymbol
instanceKlass com/amazon/ion/IonTimestamp
instanceKlass com/amazon/ion/impl/lite/IonValueLite
instanceKlass com/amazon/ion/impl/_Private_IonValue
instanceKlass com/amazon/ion/IonNull
instanceKlass com/amazon/ion/IonInt
instanceKlass com/amazon/ion/IonClob
instanceKlass com/amazon/ion/IonBool
instanceKlass com/amazon/ion/IonBlob
instanceKlass com/amazon/ion/IonLob
instanceKlass com/amazon/ion/IonList
instanceKlass com/amazon/ion/IonSequence
instanceKlass com/amazon/ion/IonContainer
instanceKlass com/amazon/ion/IonDecimal
instanceKlass com/amazon/ion/IonNumber
instanceKlass com/amazon/ion/IonSymbol
instanceKlass com/amazon/ion/IonString
instanceKlass com/amazon/ion/IonText
instanceKlass com/amazon/ion/IonFloat
instanceKlass com/amazon/ion/impl/lite/ValueFactoryLite
instanceKlass com/amazon/ion/impl/_Private_ValueFactory
instanceKlass com/amazon/ion/impl/_Private_IonSystem
instanceKlass com/amazon/ion/IonSystem
instanceKlass com/amazon/ion/impl/lite/_Private_LiteDomTrampoline
instanceKlass com/amazon/ion/system/IonReaderBuilder
instanceKlass com/amazon/ion/IonValue
instanceKlass com/amazon/ion/IonReader
instanceKlass com/amazon/ion/impl/SharedSymbolTable
instanceKlass com/amazon/ion/util/_Private_FastAppendable
instanceKlass com/amazon/ion/impl/_Private_IonWriterBase
instanceKlass com/amazon/ion/impl/_Private_ReaderWriter
instanceKlass com/amazon/ion/impl/_Private_Utils$1
instanceKlass com/amazon/ion/impl/_Private_Utils
instanceKlass com/amazon/ion/system/IonSystemBuilder
instanceKlass com/amazon/ion/system/SimpleCatalog
instanceKlass com/amazon/ion/IonMutableCatalog
instanceKlass com/amazon/ion/impl/bin/IonRawBinaryWriter$RecyclingStack$ElementFactory
instanceKlass com/amazon/ion/impl/bin/IonManagedBinaryWriter$ImportedSymbolResolverMode$1$1$1
instanceKlass com/amazon/ion/impl/bin/IonManagedBinaryWriter$SymbolResolver
instanceKlass com/amazon/ion/impl/bin/IonManagedBinaryWriter$ImportedSymbolResolverMode$1$1
instanceKlass com/amazon/ion/impl/bin/AbstractSymbolTable
instanceKlass com/amazon/ion/impl/bin/Symbols$1
instanceKlass com/amazon/ion/SymbolToken
instanceKlass com/amazon/ion/impl/bin/Symbols
instanceKlass com/amazon/ion/impl/bin/IonManagedBinaryWriter$SymbolResolverBuilder
instanceKlass com/amazon/ion/impl/bin/IonManagedBinaryWriter$ImportedSymbolContext
instanceKlass com/amazon/ion/impl/bin/_Private_IonRawWriter
instanceKlass com/amazon/ion/impl/bin/AbstractIonWriter
instanceKlass com/amazon/ion/impl/_Private_ByteTransferSink
instanceKlass com/amazon/ion/impl/_Private_IonWriter
instanceKlass com/amazon/ion/impl/bin/_Private_IonManagedWriter
instanceKlass com/amazon/ion/impl/bin/IonBinaryWriterAdapter$Factory
instanceKlass com/amazon/ion/IonCatalog
instanceKlass com/amazon/ion/impl/bin/_Private_IonManagedBinaryWriterBuilder
instanceKlass com/amazon/ion/impl/bin/BlockAllocator
instanceKlass com/amazon/ion/SymbolTable
instanceKlass com/amazon/ion/impl/_Private_LocalSymbolTableFactory
instanceKlass com/amazon/ion/IonBinaryWriter
instanceKlass com/amazon/ion/IonWriter
instanceKlass com/amazon/ion/facet/Faceted
instanceKlass com/amazon/ion/ValueFactory
instanceKlass com/amazon/ion/impl/bin/BlockAllocatorProvider
instanceKlass com/amazon/ion/system/IonWriterBuilder
instanceKlass org/jetbrains/plugins/gradle/tooling/serialization/ExternalProjectSerializationService$8
instanceKlass org/jetbrains/plugins/gradle/tooling/serialization/ExternalProjectSerializationService$7
instanceKlass org/jetbrains/plugins/gradle/tooling/serialization/ExternalProjectSerializationService$1
instanceKlass org/jetbrains/plugins/gradle/ExternalDependencyId
instanceKlass org/jetbrains/plugins/gradle/model/ExternalFilter
instanceKlass org/jetbrains/plugins/gradle/model/FilePatternSet
instanceKlass org/jetbrains/plugins/gradle/model/ExternalSourceDirectorySet
instanceKlass com/intellij/openapi/externalSystem/model/project/IExternalSystemSourceType
instanceKlass org/jetbrains/plugins/gradle/model/ExternalSourceSet
instanceKlass org/gradle/api/tasks/SourceSetOutput
instanceKlass org/gradle/api/internal/artifacts/dsl/DefaultArtifactHandler$DynamicMethods
instanceKlass org/gradle/api/internal/artifacts/dsl/DefaultArtifactHandler
instanceKlass org/gradle/internal/service/scopes/ProjectScopeServices$4
instanceKlass org/gradle/normalization/internal/DefaultInputNormalizationHandler
instanceKlass org/gradle/normalization/internal/DefaultRuntimeClasspathNormalization
instanceKlass org/gradle/api/internal/file/ant/BaseDirSelector
instanceKlass org/apache/tools/ant/types/selectors/FileSelector
instanceKlass org/apache/tools/ant/types/resources/selectors/ResourceSelector
instanceKlass groovy/util/AntBuilderLocator
instanceKlass org/apache/tools/ant/helper/AntXMLContext
instanceKlass org/apache/tools/ant/ComponentHelper$$Lambda$490
instanceKlass org/apache/tools/ant/DefaultDefinitions
instanceKlass org/apache/tools/ant/TypeAdapter
instanceKlass org/apache/tools/ant/AntTypeDefinition
instanceKlass org/apache/tools/ant/property/ParseProperties$$Lambda$489
instanceKlass org/apache/tools/ant/property/ParseProperties$$Lambda$488
instanceKlass org/apache/tools/ant/property/ParseProperties
instanceKlass org/apache/tools/ant/ComponentHelper
instanceKlass java/text/CharacterIterator
instanceKlass org/apache/tools/ant/launch/Locator
instanceKlass org/apache/tools/ant/Main$$Lambda$487
instanceKlass org/apache/tools/ant/Main
instanceKlass org/apache/tools/ant/launch/AntMain
instanceKlass org/apache/tools/ant/PropertyHelper$PropertySetter
instanceKlass org/apache/tools/ant/PropertyHelper$2
instanceKlass org/apache/tools/ant/PropertyHelper$$Lambda$486
instanceKlass org/apache/tools/ant/PropertyHelper$$Lambda$485
instanceKlass org/apache/tools/ant/property/PropertyExpander
instanceKlass java/lang/invoke/LambdaForm$DMH
instanceKlass org/apache/tools/ant/property/ParseNextProperty
instanceKlass org/apache/tools/ant/PropertyHelper$1
instanceKlass org/apache/tools/ant/PropertyHelper$PropertyEvaluator
instanceKlass org/apache/tools/ant/PropertyHelper$Delegate
instanceKlass org/apache/tools/ant/PropertyHelper
instanceKlass org/apache/tools/ant/property/GetProperty
instanceKlass org/apache/tools/ant/util/DeweyDecimal
instanceKlass org/apache/tools/ant/util/JavaEnvUtils
instanceKlass org/apache/tools/ant/util/StringUtils
instanceKlass org/apache/tools/ant/DefaultLogger
instanceKlass org/apache/tools/ant/Target
instanceKlass org/apache/tools/ant/TaskContainer
instanceKlass java/util/stream/StreamSpliterators$WrappingSpliterator$$Lambda$484
instanceKlass java/util/stream/StreamSpliterators$WrappingSpliterator$$Lambda$483
instanceKlass java/util/Spliterators$1Adapter
instanceKlass java/util/stream/StreamSpliterators$AbstractWrappingSpliterator
instanceKlass java/util/stream/AbstractPipeline$$Lambda$482
instanceKlass org/apache/tools/ant/ProjectHelperRepository$$Lambda$481
instanceKlass org/apache/tools/ant/ProjectHelperRepository$$Lambda$480
instanceKlass org/apache/tools/ant/ProjectHelperRepository$$Lambda$479
instanceKlass java/util/stream/Streams$AbstractStreamBuilderImpl
instanceKlass org/apache/tools/ant/helper/ProjectHelper2$AntHandler
instanceKlass org/apache/tools/ant/util/LoaderUtils
instanceKlass org/apache/tools/ant/ProjectHelperRepository
instanceKlass org/apache/tools/ant/ProjectHelper$$Lambda$478
instanceKlass org/apache/tools/ant/ProjectHelper$$Lambda$477
instanceKlass org/apache/tools/ant/ProjectHelper
instanceKlass org/apache/tools/ant/input/DefaultInputHandler
instanceKlass org/apache/tools/ant/Project$$Lambda$476
instanceKlass org/apache/tools/ant/types/FilterSetCollection
instanceKlass org/apache/tools/ant/types/EnumeratedAttribute
instanceKlass org/apache/tools/ant/Location
instanceKlass org/apache/tools/ant/input/InputHandler
instanceKlass org/apache/tools/ant/Project
instanceKlass org/gradle/api/internal/project/ant/AntLoggingAdapter
instanceKlass org/gradle/api/internal/project/ant/DefaultAntLoggingAdapterFactory
instanceKlass org/gradle/api/internal/project/DefaultAntBuilderFactory
instanceKlass org/gradle/api/internal/project/DefaultProject$5
instanceKlass org/jetbrains/plugins/gradle/tooling/builder/ModelBuildersDataProviders$1
instanceKlass org/jetbrains/plugins/gradle/tooling/builder/ModelBuildersDataProviders
instanceKlass org/gradle/tooling/model/kotlin/dsl/EditorPosition
instanceKlass org/gradle/tooling/model/kotlin/dsl/EditorReport
instanceKlass org/gradle/tooling/model/kotlin/dsl/KotlinDslScriptModel
instanceKlass org/gradle/kotlin/dsl/tooling/builders/StandardKotlinDslScriptsModel
instanceKlass org/gradle/kotlin/dsl/tooling/builders/CommonKotlinDslScriptModel
instanceKlass kotlin/collections/EmptyIterator
instanceKlass org/gradle/kotlin/dsl/tooling/builders/KotlinDslScriptsParameter
instanceKlass kotlin/Result$Failure
instanceKlass kotlin/ResultKt
instanceKlass kotlin/Result$Companion
instanceKlass kotlin/Result
instanceKlass kotlin/Unit
instanceKlass kotlin/coroutines/EmptyCoroutineContext
instanceKlass kotlin/coroutines/CoroutineContext
instanceKlass kotlin/coroutines/jvm/internal/DebugProbesKt
instanceKlass kotlin/coroutines/intrinsics/IntrinsicsKt__IntrinsicsJvmKt
instanceKlass kotlin/sequences/SequenceScope
instanceKlass kotlin/sequences/SequencesKt__SequenceBuilderKt$sequence$$inlined$Sequence$1
instanceKlass kotlin/sequences/Sequence
instanceKlass kotlin/sequences/SequencesKt__SequenceBuilderKt
instanceKlass kotlin/coroutines/jvm/internal/BaseContinuationImpl
instanceKlass kotlin/coroutines/jvm/internal/CoroutineStackFrame
instanceKlass kotlin/coroutines/jvm/internal/SuspendFunction
instanceKlass org/gradle/kotlin/dsl/tooling/builders/KotlinDslScriptsModelBuilderKt
instanceKlass org/gradle/api/internal/AbstractTask$11
instanceKlass org/gradle/api/plugins/JavaBasePlugin$11$1
instanceKlass org/jetbrains/plugins/gradle/tooling/serialization/ExternalTestsSerializationService$2
instanceKlass org/jetbrains/plugins/gradle/model/tests/DefaultExternalTestSourceMapping
instanceKlass org/jetbrains/plugins/gradle/model/tests/ExternalTestSourceMapping
instanceKlass org/gradle/api/internal/tasks/testing/WorkerTestClassProcessorFactory
instanceKlass org/gradle/api/internal/tasks/testing/detection/TestFrameworkDetector
instanceKlass org/codehaus/groovy/runtime/metaclass/ClosureMetaClass$5
instanceKlass org/jetbrains/plugins/gradle/model/GradleConvention
instanceKlass com/android/builder/model/NativeAndroidProject
instanceKlass com/android/builder/model/level2/GlobalLibraryMap
instanceKlass com/android/builder/model/AndroidProject
instanceKlass org/jetbrains/plugins/gradle/tooling/serialization/RepositoriesModelSerializationService$2
instanceKlass org/jetbrains/plugins/gradle/tooling/serialization/RepositoriesModelSerializationService$1
instanceKlass org/jetbrains/plugins/gradle/tooling/internal/MavenRepositoryModelImpl
instanceKlass org/jetbrains/plugins/gradle/tooling/internal/RepositoriesModelImpl
instanceKlass org/jetbrains/kotlin/allopen/ide/AllOpenModelImpl
